{"numTotalTestSuites":68,"numPassedTestSuites":66,"numFailedTestSuites":2,"numPendingTestSuites":0,"numTotalTests":153,"numPassedTests":150,"numFailedTests":3,"numPendingTests":0,"numTodoTests":0,"snapshot":{"added":0,"failure":false,"filesAdded":0,"filesRemoved":0,"filesRemovedList":[],"filesUnmatched":0,"filesUpdated":0,"matched":0,"total":0,"unchecked":0,"uncheckedKeysByFile":[],"unmatched":0,"updated":0,"didUpdate":false},"startTime":1785707835511,"success":false,"testResults":[{"assertionResults":[{"ancestorTitles":["App"],"fullName":"App renders dashboard with suspense fallback then content","status":"passed","title":"renders dashboard with suspense fallback then content","duration":223.74070000000006,"failureMessages":[],"meta":{}},{"ancestorTitles":["App"],"fullName":"App redirects unknown routes to dashboard","status":"passed","title":"redirects unknown routes to dashboard","duration":27.35089999999991,"failureMessages":[],"meta":{}},{"ancestorTitles":["App"],"fullName":"App navigates between routes via sidebar","status":"passed","title":"navigates between routes via sidebar","duration":517.1378,"failureMessages":[],"meta":{}}],"startTime":1785707876670,"endTime":1785707877438.1377,"status":"passed","message":"","name":"C:/Users/Arthur/OneDrive/Projetos/DashboardFinanceiro/frontend/src/App.test.tsx"},{"assertionResults":[{"ancestorTitles":["api service","getApiErrorMessage"],"fullName":"api service getApiErrorMessage returns server message from axios error","status":"passed","title":"returns server message from axios error","duration":3.570199999999886,"failureMessages":[],"meta":{}},{"ancestorTitles":["api service","getApiErrorMessage"],"fullName":"api service getApiErrorMessage returns timeout message for ECONNABORTED","status":"passed","title":"returns timeout message for ECONNABORTED","duration":1.0226000000000113,"failureMessages":[],"meta":{}},{"ancestorTitles":["api service","getApiErrorMessage"],"fullName":"api service getApiErrorMessage returns connection message when no response","status":"passed","title":"returns connection message when no response","duration":1.0117999999999938,"failureMessages":[],"meta":{}},{"ancestorTitles":["api service","getApiErrorMessage"],"fullName":"api service getApiErrorMessage returns generic message for non-axios errors","status":"passed","title":"returns generic message for non-axios errors","duration":0.9148999999999887,"failureMessages":[],"meta":{}},{"ancestorTitles":["api service","getApiErrorMessage"],"fullName":"api service getApiErrorMessage falls through when axios message is not a string","status":"passed","title":"falls through when axios message is not a string","duration":0.8541999999999916,"failureMessages":[],"meta":{}},{"ancestorTitles":["api service","API methods"],"fullName":"api service API methods accountsApi methods","status":"passed","title":"accountsApi methods","duration":2.485800000000154,"failureMessages":[],"meta":{}},{"ancestorTitles":["api service","API methods"],"fullName":"api service API methods categoriesApi methods","status":"passed","title":"categoriesApi methods","duration":1.1339000000000397,"failureMessages":[],"meta":{}},{"ancestorTitles":["api service","API methods"],"fullName":"api service API methods transactionsApi methods","status":"passed","title":"transactionsApi methods","duration":1.3024000000000342,"failureMessages":[],"meta":{}},{"ancestorTitles":["api service","API methods"],"fullName":"api service API methods installmentsApi methods","status":"passed","title":"installmentsApi methods","duration":1.1809000000000651,"failureMessages":[],"meta":{}},{"ancestorTitles":["api service","API methods"],"fullName":"api service API methods subscriptionsApi methods","status":"passed","title":"subscriptionsApi methods","duration":1.1606999999999061,"failureMessages":[],"meta":{}},{"ancestorTitles":["api service","API methods"],"fullName":"api service API methods summaryApi methods","status":"passed","title":"summaryApi methods","duration":1.1109999999998763,"failureMessages":[],"meta":{}},{"ancestorTitles":["api service","API methods"],"fullName":"api service API methods alertsApi methods","status":"passed","title":"alertsApi methods","duration":0.9665999999999713,"failureMessages":[],"meta":{}},{"ancestorTitles":["api service","API methods"],"fullName":"api service API methods exportApi.getCSVUrl with and without params","status":"passed","title":"exportApi.getCSVUrl with and without params","duration":0.957300000000032,"failureMessages":[],"meta":{}},{"ancestorTitles":["api service","API methods"],"fullName":"api service API methods exports default axios instance","status":"passed","title":"exports default axios instance","duration":0.8205000000000382,"failureMessages":[],"meta":{}},{"ancestorTitles":["api service","API methods"],"fullName":"api service API methods uses VITE_API_URL when set","status":"passed","title":"uses VITE_API_URL when set","duration":1.885200000000168,"failureMessages":[],"meta":{}}],"startTime":1785707906289,"endTime":1785707906308.8853,"status":"passed","message":"","name":"C:/Users/Arthur/OneDrive/Projetos/DashboardFinanceiro/frontend/src/services/api.test.ts"},{"assertionResults":[{"ancestorTitles":["DateContext"],"fullName":"DateContext provides current month/year and setters","status":"passed","title":"provides current month/year and setters","duration":159.56119999999987,"failureMessages":[],"meta":{}},{"ancestorTitles":["DateContext"],"fullName":"DateContext default context noop setters are callable","status":"passed","title":"default context noop setters are callable","duration":123.30930000000012,"failureMessages":[],"meta":{}},{"ancestorTitles":["SearchContext"],"fullName":"SearchContext stores search string","status":"passed","title":"stores search string","duration":61.278499999999894,"failureMessages":[],"meta":{}},{"ancestorTitles":["SearchContext"],"fullName":"SearchContext default context works","status":"passed","title":"default context works","duration":61.8920999999998,"failureMessages":[],"meta":{}},{"ancestorTitles":["TransactionModalContext"],"fullName":"TransactionModalContext opens create/edit and closes","status":"passed","title":"opens create/edit and closes","duration":172.22849999999994,"failureMessages":[],"meta":{}},{"ancestorTitles":["TransactionModalContext"],"fullName":"TransactionModalContext default context works","status":"passed","title":"default context works","duration":171.67419999999993,"failureMessages":[],"meta":{}}],"startTime":1785707874250,"endTime":1785707874999.6743,"status":"passed","message":"","name":"C:/Users/Arthur/OneDrive/Projetos/DashboardFinanceiro/frontend/src/context/contexts.test.tsx"},{"assertionResults":[{"ancestorTitles":["Accounts"],"fullName":"Accounts shows empty state and opens create modal","status":"passed","title":"shows empty state and opens create modal","duration":289.164,"failureMessages":[],"meta":{}},{"ancestorTitles":["Accounts"],"fullName":"Accounts lists accounts and CRUD flows","status":"passed","title":"lists accounts and CRUD flows","duration":1614.8726,"failureMessages":[],"meta":{}},{"ancestorTitles":["Accounts"],"fullName":"Accounts switches type away from credit card and shows create error","status":"passed","title":"switches type away from credit card and shows create error","duration":388.8690999999999,"failureMessages":[],"meta":{}},{"ancestorTitles":["Accounts"],"fullName":"Accounts cancels delete dialog","status":"passed","title":"cancels delete dialog","duration":155.7242000000001,"failureMessages":[],"meta":{}},{"ancestorTitles":["Accounts"],"fullName":"Accounts edits credit card with closing and due days","status":"passed","title":"edits credit card with closing and due days","duration":172.4649999999997,"failureMessages":[],"meta":{}}],"startTime":1785707845556,"endTime":1785707848177.465,"status":"passed","message":"","name":"C:/Users/Arthur/OneDrive/Projetos/DashboardFinanceiro/frontend/src/pages/Accounts.test.tsx"},{"assertionResults":[{"ancestorTitles":["Alerts"],"fullName":"Alerts empty state and create","status":"passed","title":"empty state and create","duration":607.0723,"failureMessages":[],"meta":{}},{"ancestorTitles":["Alerts"],"fullName":"Alerts lists statuses sorting and toggle/edit/delete","status":"passed","title":"lists statuses sorting and toggle/edit/delete","duration":544.7215999999999,"failureMessages":[],"meta":{}},{"ancestorTitles":["Alerts"],"fullName":"Alerts shows create error and cancels","status":"passed","title":"shows create error and cancels","duration":636.3578000000002,"failureMessages":[],"meta":{}}],"startTime":1785707861605,"endTime":1785707863393.358,"status":"passed","message":"","name":"C:/Users/Arthur/OneDrive/Projetos/DashboardFinanceiro/frontend/src/pages/Alerts.test.tsx"},{"assertionResults":[{"ancestorTitles":["Categories"],"fullName":"Categories shows empty columns then CRUD","status":"passed","title":"shows empty columns then CRUD","duration":523.3308000000002,"failureMessages":[],"meta":{}},{"ancestorTitles":["Categories"],"fullName":"Categories lists, edits and deletes","status":"passed","title":"lists, edits and deletes","duration":620.6268999999998,"failureMessages":[],"meta":{}},{"ancestorTitles":["Categories"],"fullName":"Categories shows create error and cancel","status":"passed","title":"shows create error and cancel","duration":280.4296000000004,"failureMessages":[],"meta":{}},{"ancestorTitles":["Categories"],"fullName":"Categories keeps delete dialog open while mutation is pending","status":"passed","title":"keeps delete dialog open while mutation is pending","duration":265.8631999999998,"failureMessages":[],"meta":{}}],"startTime":1785707865192,"endTime":1785707866881.8633,"status":"passed","message":"","name":"C:/Users/Arthur/OneDrive/Projetos/DashboardFinanceiro/frontend/src/pages/Categories.test.tsx"},{"assertionResults":[{"ancestorTitles":["Dashboard"],"fullName":"Dashboard renders greeting and widgets","status":"passed","title":"renders greeting and widgets","duration":114.10070000000019,"failureMessages":[],"meta":{}}],"startTime":1785707896577,"endTime":1785707896691.1006,"status":"passed","message":"","name":"C:/Users/Arthur/OneDrive/Projetos/DashboardFinanceiro/frontend/src/pages/Dashboard.test.tsx"},{"assertionResults":[{"ancestorTitles":["Installments"],"fullName":"Installments empty state and create with third party + credit card tips","status":"passed","title":"empty state and create with third party + credit card tips","duration":1254.4655000000002,"failureMessages":[],"meta":{}},{"ancestorTitles":["Installments"],"fullName":"Installments renders sections, pagination, delete modes and payment date","status":"passed","title":"renders sections, pagination, delete modes and payment date","duration":466.0463999999997,"failureMessages":[],"meta":{}},{"ancestorTitles":["Installments"],"fullName":"Installments updates payment date with validation","status":"passed","title":"updates payment date with validation","duration":667.4620999999997,"failureMessages":[],"meta":{}},{"ancestorTitles":["Installments"],"fullName":"Installments handles no items for period reference and cancel create","status":"failed","title":"handles no items for period reference and cancel create","duration":1015.4332000000004,"failureMessages":["Error: Unable to find an element with the text: Nenhum parcelamento para a referência selecionada. This could be because the text is broken up by multiple elements. In this case, you can provide a function for your text matcher to make your matcher more flexible.\n\nIgnored nodes: comments, script, style\n\u001b[36m<body\u001b[39m\n  \u001b[33mstyle\u001b[39m=\u001b[32m\"\"\u001b[39m\n\u001b[36m>\u001b[39m\n  \u001b[36m<div>\u001b[39m\n    \u001b[36m<div>\u001b[39m\n      \u001b[36m<div\u001b[39m\n        \u001b[33mclass\u001b[39m=\u001b[32m\"mb-5 flex items-center justify-between\"\u001b[39m\n      \u001b[36m>\u001b[39m\n        \u001b[36m<div>\u001b[39m\n          \u001b[36m<h1\u001b[39m\n            \u001b[33mclass\u001b[39m=\u001b[32m\"font-display text-[24px] font-bold tracking-tight text-ink\"\u001b[39m\n          \u001b[36m>\u001b[39m\n            \u001b[0mParcelamentos\u001b[0m\n          \u001b[36m</h1>\u001b[39m\n          \u001b[36m<p\u001b[39m\n            \u001b[33mclass\u001b[39m=\u001b[32m\"mt-1 text-sm capitalize text-muted\"\u001b[39m\n          \u001b[36m>\u001b[39m\n            \u001b[0m0\u001b[0m\n            \u001b[0m ativo(s) · \u001b[0m\n            \u001b[0mR$ 0,00\u001b[0m\n            \u001b[0m por mês comprometidos\u001b[0m\n          \u001b[36m</p>\u001b[39m\n        \u001b[36m</div>\u001b[39m\n        \u001b[36m<button\u001b[39m\n          \u001b[33mclass\u001b[39m=\u001b[32m\"inline-flex items-center justify-center gap-2 font-semibold rounded-control transition-colors disabled:opacity-50 disabled:cursor-not-allowed bg-forest hover:bg-forest-hover text-white text-xs py-1.5 px-3\"\u001b[39m\n          \u001b[33mtype\u001b[39m=\u001b[32m\"button\"\u001b[39m\n        \u001b[36m>\u001b[39m\n          \u001b[36m<svg\u001b[39m\n            \u001b[33mclass\u001b[39m=\u001b[32m\"lucide lucide-plus \"\u001b[39m\n            \u001b[33mfill\u001b[39m=\u001b[32m\"none\"\u001b[39m\n            \u001b[33mheight\u001b[39m=\u001b[32m\"16\"\u001b[39m\n            \u001b[33mstroke\u001b[39m=\u001b[32m\"currentColor\"\u001b[39m\n            \u001b[33mstroke-linecap\u001b[39m=\u001b[32m\"round\"\u001b[39m\n            \u001b[33mstroke-linejoin\u001b[39m=\u001b[32m\"round\"\u001b[39m\n            \u001b[33mstroke-width\u001b[39m=\u001b[32m\"2\"\u001b[39m\n            \u001b[33mviewBox\u001b[39m=\u001b[32m\"0 0 24 24\"\u001b[39m\n            \u001b[33mwidth\u001b[39m=\u001b[32m\"16\"\u001b[39m\n            \u001b[33mxmlns\u001b[39m=\u001b[32m\"http://www.w3.org/2000/svg\"\u001b[39m\n          \u001b[36m>\u001b[39m\n            \u001b[36m<path\u001b[39m\n              \u001b[33md\u001b[39m=\u001b[32m\"M5 12h14\"\u001b[39m\n            \u001b[36m/>\u001b[39m\n            \u001b[36m<path\u001b[39m\n              \u001b[33md\u001b[39m=\u001b[32m\"M12 5v14\"\u001b[39m\n            \u001b[36m/>\u001b[39m\n          \u001b[36m</svg>\u001b[39m\n          \u001b[0mNovo parcelamento\u001b[0m\n        \u001b[36m</button>\u001b[39m\n      \u001b[36m</div>\u001b[39m\n      \u001b[36m<div\u001b[39m\n        \u001b[33mclass\u001b[39m=\u001b[32m\"space-y-6\"\u001b[39m\n      \u001b[36m/>\u001b[39m\n    \u001b[36m</div>\u001b[39m\n  \u001b[36m</div>\u001b[39m\n\u001b[36m</body>\u001b[39m\n    at Proxy.waitForWrapper (C:\\Users\\Arthur\\OneDrive\\Projetos\\DashboardFinanceiro\\frontend\\node_modules\\.pnpm\\@testing-library+dom@10.4.1\\node_modules\\@testing-library\\dom\\dist\\wait-for.js:163:27)\n    at C:\\Users\\Arthur\\OneDrive\\Projetos\\DashboardFinanceiro\\frontend\\src\\pages\\Installments.test.tsx:201:11\n    at file:///C:/Users/Arthur/OneDrive/Projetos/DashboardFinanceiro/frontend/node_modules/.pnpm/@vitest+runner@3.2.7/node_modules/@vitest/runner/dist/chunk-hooks.js:155:11\n    at file:///C:/Users/Arthur/OneDrive/Projetos/DashboardFinanceiro/frontend/node_modules/.pnpm/@vitest+runner@3.2.7/node_modules/@vitest/runner/dist/chunk-hooks.js:752:26\n    at file:///C:/Users/Arthur/OneDrive/Projetos/DashboardFinanceiro/frontend/node_modules/.pnpm/@vitest+runner@3.2.7/node_modules/@vitest/runner/dist/chunk-hooks.js:1897:20\n    at new Promise (<anonymous>)\n    at runWithTimeout (file:///C:/Users/Arthur/OneDrive/Projetos/DashboardFinanceiro/frontend/node_modules/.pnpm/@vitest+runner@3.2.7/node_modules/@vitest/runner/dist/chunk-hooks.js:1863:10)\n    at runTest (file:///C:/Users/Arthur/OneDrive/Projetos/DashboardFinanceiro/frontend/node_modules/.pnpm/@vitest+runner@3.2.7/node_modules/@vitest/runner/dist/chunk-hooks.js:1574:12)\n    at runSuite (file:///C:/Users/Arthur/OneDrive/Projetos/DashboardFinanceiro/frontend/node_modules/.pnpm/@vitest+runner@3.2.7/node_modules/@vitest/runner/dist/chunk-hooks.js:1729:8)\n    at runSuite (file:///C:/Users/Arthur/OneDrive/Projetos/DashboardFinanceiro/frontend/node_modules/.pnpm/@vitest+runner@3.2.7/node_modules/@vitest/runner/dist/chunk-hooks.js:1729:8)"],"meta":{}},{"ancestorTitles":["Installments"],"fullName":"Installments shows create error and cancels delete/payment modals","status":"passed","title":"shows create error and cancels delete/payment modals","duration":695.5358999999999,"failureMessages":[],"meta":{}},{"ancestorTitles":["Installments"],"fullName":"Installments formats short br date inputs and opens payment without firstTransaction","status":"passed","title":"formats short br date inputs and opens payment without firstTransaction","duration":310.34879999999976,"failureMessages":[],"meta":{}},{"ancestorTitles":["Installments"],"fullName":"Installments unchecks third party on create form","status":"passed","title":"unchecks third party on create form","duration":159.11030000000028,"failureMessages":[],"meta":{}},{"ancestorTitles":["Installments"],"fullName":"Installments paginates previous","status":"passed","title":"paginates previous","duration":136.46360000000004,"failureMessages":[],"meta":{}},{"ancestorTitles":["Installments"],"fullName":"Installments covers nullish fields, invalid calendar date, sorts and empty third party name","status":"failed","title":"covers nullish fields, invalid calendar date, sorts and empty third party name","duration":40.40719999999965,"failureMessages":["TestingLibraryElementError: Unable to find a label with the text of: Remover Sparse\n\nIgnored nodes: comments, script, style\n\u001b[36m<body\u001b[39m\n  \u001b[33mstyle\u001b[39m=\u001b[32m\"\"\u001b[39m\n\u001b[36m>\u001b[39m\n  \u001b[36m<div>\u001b[39m\n    \u001b[36m<div>\u001b[39m\n      \u001b[36m<div\u001b[39m\n        \u001b[33mclass\u001b[39m=\u001b[32m\"mb-5 flex items-center justify-between\"\u001b[39m\n      \u001b[36m>\u001b[39m\n        \u001b[36m<div>\u001b[39m\n          \u001b[36m<h1\u001b[39m\n            \u001b[33mclass\u001b[39m=\u001b[32m\"font-display text-[24px] font-bold tracking-tight text-ink\"\u001b[39m\n          \u001b[36m>\u001b[39m\n            \u001b[0mParcelamentos\u001b[0m\n          \u001b[36m</h1>\u001b[39m\n          \u001b[36m<p\u001b[39m\n            \u001b[33mclass\u001b[39m=\u001b[32m\"mt-1 text-sm capitalize text-muted\"\u001b[39m\n          \u001b[36m>\u001b[39m\n            \u001b[0m1\u001b[0m\n            \u001b[0m ativo(s) · \u001b[0m\n            \u001b[0mR$ 300,00\u001b[0m\n            \u001b[0m por mês comprometidos\u001b[0m\n          \u001b[36m</p>\u001b[39m\n        \u001b[36m</div>\u001b[39m\n        \u001b[36m<button\u001b[39m\n          \u001b[33mclass\u001b[39m=\u001b[32m\"inline-flex items-center justify-center gap-2 font-semibold rounded-control transition-colors disabled:opacity-50 disabled:cursor-not-allowed bg-forest hover:bg-forest-hover text-white text-xs py-1.5 px-3\"\u001b[39m\n          \u001b[33mtype\u001b[39m=\u001b[32m\"button\"\u001b[39m\n        \u001b[36m>\u001b[39m\n          \u001b[36m<svg\u001b[39m\n            \u001b[33mclass\u001b[39m=\u001b[32m\"lucide lucide-plus \"\u001b[39m\n            \u001b[33mfill\u001b[39m=\u001b[32m\"none\"\u001b[39m\n            \u001b[33mheight\u001b[39m=\u001b[32m\"16\"\u001b[39m\n            \u001b[33mstroke\u001b[39m=\u001b[32m\"currentColor\"\u001b[39m\n            \u001b[33mstroke-linecap\u001b[39m=\u001b[32m\"round\"\u001b[39m\n            \u001b[33mstroke-linejoin\u001b[39m=\u001b[32m\"round\"\u001b[39m\n            \u001b[33mstroke-width\u001b[39m=\u001b[32m\"2\"\u001b[39m\n            \u001b[33mviewBox\u001b[39m=\u001b[32m\"0 0 24 24\"\u001b[39m\n            \u001b[33mwidth\u001b[39m=\u001b[32m\"16\"\u001b[39m\n            \u001b[33mxmlns\u001b[39m=\u001b[32m\"http://www.w3.org/2000/svg\"\u001b[39m\n          \u001b[36m>\u001b[39m\n            \u001b[36m<path\u001b[39m\n              \u001b[33md\u001b[39m=\u001b[32m\"M5 12h14\"\u001b[39m\n            \u001b[36m/>\u001b[39m\n            \u001b[36m<path\u001b[39m\n              \u001b[33md\u001b[39m=\u001b[32m\"M12 5v14\"\u001b[39m\n            \u001b[36m/>\u001b[39m\n          \u001b[36m</svg>\u001b[39m\n          \u001b[0mNovo parcelamento\u001b[0m\n        \u001b[36m</button>\u001b[39m\n      \u001b[36m</div>\u001b[39m\n      \u001b[36m<div\u001b[39m\n        \u001b[33mclass\u001b[39m=\u001b[32m\"space-y-6\"\u001b[39m\n      \u001b[36m>\u001b[39m\n        \u001b[36m<section\u001b[39m\n          \u001b[33mclass\u001b[39m=\u001b[32m\"space-y-3\"\u001b[39m\n        \u001b[36m>\u001b[39m\n          \u001b[36m<div\u001b[39m\n            \u001b[33mclass\u001b[39m=\u001b[32m\"flex items-center justify-between\"\u001b[39m\n          \u001b[36m>\u001b[39m\n            \u001b[36m<h2\u001b[39m\n              \u001b[33mclass\u001b[39m=\u001b[32m\"text-sm font-semibold text-ink\"\u001b[39m\n            \u001b[36m>\u001b[39m\n              \u001b[0mEm andamento\u001b[0m\n            \u001b[36m</h2>\u001b[39m\n            \u001b[36m<span\u001b[39m\n              \u001b[33mclass\u001b[39m=\u001b[32m\"text-xs font-medium text-faint\"\u001b[39m\n            \u001b[36m>\u001b[39m\n              \u001b[0m1\u001b[0m\n              \u001b[0m ativo(s)\u001b[0m\n            \u001b[36m</span>\u001b[39m\n          \u001b[36m</div>\u001b[39m\n          \u001b[36m<div\u001b[39m\n            \u001b[33mclass\u001b[39m=\u001b[32m\"grid grid-cols-1 gap-4\"\u001b[39m\n            \u001b[33mstyle\u001b[39m=\u001b[32m\"grid-template-columns: repeat(auto-fill, minmax(min(100%, 320px), 1fr));\"\u001b[39m\n          \u001b[36m>\u001b[39m\n            \u001b[36m<div\u001b[39m\n              \u001b[33mclass\u001b[39m=\u001b[32m\"card\"\u001b[39m\n            \u001b[36m>\u001b[39m\n              \u001b[36m<div\u001b[39m\n                \u001b[33mclass\u001b[39m=\u001b[32m\"flex items-start justify-between\"\u001b[39m\n              \u001b[36m>\u001b[39m\n                \u001b[36m<div>\u001b[39m\n                  \u001b[36m<div\u001b[39m\n                    \u001b[33mclass\u001b[39m=\u001b[32m\"flex flex-wrap items-center gap-2\"\u001b[39m\n                  \u001b[36m>\u001b[39m\n                    \u001b[36m<p\u001b[39m\n                      \u001b[33mclass\u001b[39m=\u001b[32m\"font-display text-base font-semibold text-ink\"\u001b[39m\n                    \u001b[36m>\u001b[39m\n                      \u001b[0mSem nome\u001b[0m\n                    \u001b[36m</p>\u001b[39m\n                    \u001b[36m<span\u001b[39m\n                      \u001b[33mclass\u001b[39m=\u001b[32m\"rounded-pill bg-amber/10 px-2 py-0.5 text-[10px] font-semibold text-amber\"\u001b[39m\n                    \u001b[36m>\u001b[39m\n                      \u001b[0mTerceiro\u001b[0m\n                    \u001b[36m</span>\u001b[39m\n                  \u001b[36m</div>\u001b[39m\n                  \u001b[36m<p\u001b[39m\n                    \u001b[33mclass\u001b[39m=\u001b[32m\"mt-0.5 text-[12.5px] text-faint\"\u001b[39m\n                  \u001b[36m>\u001b[39m\n                    \u001b[0mCartão XP\u001b[0m\n                    \u001b[0m · \u001b[0m\n                    \u001b[36m<span\u001b[39m\n                      \u001b[33mstyle\u001b[39m=\u001b[32m\"color: rgb(239, 68, 68);\"\u001b[39m\n                    \u001b[36m>\u001b[39m\n                      \u001b[0mAlimentação\u001b[0m\n                    \u001b[36m</span>\u001b[39m\n                  \u001b[36m</p>\u001b[39m\n                \u001b[36m</div>\u001b[39m\n                \u001b[36m<div\u001b[39m\n                  \u001b[33mclass\u001b[39m=\u001b[32m\"flex flex-shrink-0 items-center gap-1\"\u001b[39m\n                \u001b[36m>\u001b[39m\n                  \u001b[36m<span\u001b[39m\n                    \u001b[33mclass\u001b[39m=\u001b[32m\"rounded-pill px-2.5 py-1 text-[11.5px] font-semibold bg-[#E9F0EC] text-forest\"\u001b[39m\n                  \u001b[36m>\u001b[39m\n                    \u001b[0mAtivo\u001b[0m\n                  \u001b[36m</span>\u001b[39m\n                  \u001b[36m<button\u001b[39m\n                    \u001b[33maria-label\u001b[39m=\u001b[32m\"Alterar vencimento de Sem nome\"\u001b[39m\n                    \u001b[33mclass\u001b[39m=\u001b[32m\"flex h-9 w-9 items-center justify-center rounded-lg text-faint transition-colors hover:bg-chip hover:text-forest\"\u001b[39m\n                    \u001b[33mtitle\u001b[39m=\u001b[32m\"Alterar vencimento\"\u001b[39m\n                  \u001b[36m>\u001b[39m\n                    \u001b[36m<svg\u001b[39m\n                      \u001b[33mclass\u001b[39m=\u001b[32m\"lucide lucide-pencil \"\u001b[39m\n                      \u001b[33mfill\u001b[39m=\u001b[32m\"none\"\u001b[39m\n                      \u001b[33mheight\u001b[39m=\u001b[32m\"14\"\u001b[39m\n                      \u001b[33mstroke\u001b[39m=\u001b[32m\"currentColor\"\u001b[39m\n                      \u001b[33mstroke-linecap\u001b[39m=\u001b[32m\"round\"\u001b[39m\n                      \u001b[33mstroke-linejoin\u001b[39m=\u001b[32m\"round\"\u001b[39m\n                      \u001b[33mstroke-width\u001b[39m=\u001b[32m\"2\"\u001b[39m\n                      \u001b[33mviewBox\u001b[39m=\u001b[32m\"0 0 24 24\"\u001b[39m\n                      \u001b[33mwidth\u001b[39m=\u001b[32m\"14\"\u001b[39m\n                      \u001b[33mxmlns\u001b[39m=\u001b[32m\"http://www.w3.org/2000/svg\"\u001b[39m\n                    \u001b[36m>\u001b[39m\n                      \u001b[36m<path\u001b[39m\n                        \u001b[33md\u001b[39m=\u001b[32m\"M17 3a2.85 2.83 0 1 1 4 4L7.5 20.5 2 22l1.5-5.5Z\"\u001b[39m\n                      \u001b[36m/>\u001b[39m\n                      \u001b[36m<path\u001b[39m\n                        \u001b[33md\u001b[39m=\u001b[32m\"m15 5 4 4\"\u001b[39m\n                      \u001b[36m/>\u001b[39m\n                    \u001b[36m</svg>\u001b[39m\n                  \u001b[36m</button>\u001b[39m\n                  \u001b[36m<button\u001b[39m\n                    \u001b[33maria-label\u001b[39m=\u001b[32m\"Remover Sem nome\"\u001b[39m\n                    \u001b[33mclass\u001b[39m=\u001b[32m\"flex h-9 w-9 items-center justify-center rounded-lg text-faint transition-colors hover:bg-expense/10 hover:text-expense\"\u001b[39m\n                    \u001b[33mtitle\u001b[39m=\u001b[32m\"Remover parcelamento\"\u001b[39m\n                  \u001b[36m>\u001b[39m\n                    \u001b[36m<svg\u001b[39m\n                      \u001b[33mclass\u001b[39m=\u001b[32m\"lucide lucide-trash2 \"\u001b[39m\n                      \u001b[33mfill\u001b[39m=\u001b[32m\"none\"\u001b[39m\n                      \u001b[33mheight\u001b[39m=\u001b[32m\"14\"\u001b[39m\n                      \u001b[33mstroke\u001b[39m=\u001b[32m\"currentColor\"\u001b[39m\n                      \u001b[33mstroke-linecap\u001b[39m=\u001b[32m\"round\"\u001b[39m\n                      \u001b[33mstroke-linejoin\u001b[39m=\u001b[32m\"round\"\u001b[39m\n                 ...\n    at Object.getElementError (C:\\Users\\Arthur\\OneDrive\\Projetos\\DashboardFinanceiro\\frontend\\node_modules\\.pnpm\\@testing-library+dom@10.4.1\\node_modules\\@testing-library\\dom\\dist\\config.js:37:19)\n    at getAllByLabelText (C:\\Users\\Arthur\\OneDrive\\Projetos\\DashboardFinanceiro\\frontend\\node_modules\\.pnpm\\@testing-library+dom@10.4.1\\node_modules\\@testing-library\\dom\\dist\\queries\\label-text.js:111:38)\n    at C:\\Users\\Arthur\\OneDrive\\Projetos\\DashboardFinanceiro\\frontend\\node_modules\\.pnpm\\@testing-library+dom@10.4.1\\node_modules\\@testing-library\\dom\\dist\\query-helpers.js:52:17\n    at C:\\Users\\Arthur\\OneDrive\\Projetos\\DashboardFinanceiro\\frontend\\node_modules\\.pnpm\\@testing-library+dom@10.4.1\\node_modules\\@testing-library\\dom\\dist\\query-helpers.js:95:19\n    at C:\\Users\\Arthur\\OneDrive\\Projetos\\DashboardFinanceiro\\frontend\\src\\pages\\Installments.test.tsx:339:29\n    at file:///C:/Users/Arthur/OneDrive/Projetos/DashboardFinanceiro/frontend/node_modules/.pnpm/@vitest+runner@3.2.7/node_modules/@vitest/runner/dist/chunk-hooks.js:752:20"],"meta":{}},{"ancestorTitles":["Installments"],"fullName":"Installments creates third party with empty name and changes start date","status":"passed","title":"creates third party with empty name and changes start date","duration":738.1579000000002,"failureMessages":[],"meta":{}},{"ancestorTitles":["Installments"],"fullName":"Installments shows installment preview with invalid amount fallback","status":"failed","title":"shows installment preview with invalid amount fallback","duration":1082.4267,"failureMessages":["Error: Unable to find an element with the text: /0x de/. This could be because the text is broken up by multiple elements. In this case, you can provide a function for your text matcher to make your matcher more flexible.\n\nIgnored nodes: comments, script, style\n\u001b[36m<body\u001b[39m\n  \u001b[33mstyle\u001b[39m=\u001b[32m\"overflow: hidden;\"\u001b[39m\n\u001b[36m>\u001b[39m\n  \u001b[36m<div>\u001b[39m\n    \u001b[36m<div>\u001b[39m\n      \u001b[36m<div\u001b[39m\n        \u001b[33mclass\u001b[39m=\u001b[32m\"mb-5 flex items-center justify-between\"\u001b[39m\n      \u001b[36m>\u001b[39m\n        \u001b[36m<div>\u001b[39m\n          \u001b[36m<h1\u001b[39m\n            \u001b[33mclass\u001b[39m=\u001b[32m\"font-display text-[24px] font-bold tracking-tight text-ink\"\u001b[39m\n          \u001b[36m>\u001b[39m\n            \u001b[0mParcelamentos\u001b[0m\n          \u001b[36m</h1>\u001b[39m\n          \u001b[36m<p\u001b[39m\n            \u001b[33mclass\u001b[39m=\u001b[32m\"mt-1 text-sm capitalize text-muted\"\u001b[39m\n          \u001b[36m>\u001b[39m\n            \u001b[0m0\u001b[0m\n            \u001b[0m ativo(s) · \u001b[0m\n            \u001b[0mR$ 0,00\u001b[0m\n            \u001b[0m por mês comprometidos\u001b[0m\n          \u001b[36m</p>\u001b[39m\n        \u001b[36m</div>\u001b[39m\n        \u001b[36m<button\u001b[39m\n          \u001b[33mclass\u001b[39m=\u001b[32m\"inline-flex items-center justify-center gap-2 font-semibold rounded-control transition-colors disabled:opacity-50 disabled:cursor-not-allowed bg-forest hover:bg-forest-hover text-white text-xs py-1.5 px-3\"\u001b[39m\n          \u001b[33mtype\u001b[39m=\u001b[32m\"button\"\u001b[39m\n        \u001b[36m>\u001b[39m\n          \u001b[36m<svg\u001b[39m\n            \u001b[33mclass\u001b[39m=\u001b[32m\"lucide lucide-plus \"\u001b[39m\n            \u001b[33mfill\u001b[39m=\u001b[32m\"none\"\u001b[39m\n            \u001b[33mheight\u001b[39m=\u001b[32m\"16\"\u001b[39m\n            \u001b[33mstroke\u001b[39m=\u001b[32m\"currentColor\"\u001b[39m\n            \u001b[33mstroke-linecap\u001b[39m=\u001b[32m\"round\"\u001b[39m\n            \u001b[33mstroke-linejoin\u001b[39m=\u001b[32m\"round\"\u001b[39m\n            \u001b[33mstroke-width\u001b[39m=\u001b[32m\"2\"\u001b[39m\n            \u001b[33mviewBox\u001b[39m=\u001b[32m\"0 0 24 24\"\u001b[39m\n            \u001b[33mwidth\u001b[39m=\u001b[32m\"16\"\u001b[39m\n            \u001b[33mxmlns\u001b[39m=\u001b[32m\"http://www.w3.org/2000/svg\"\u001b[39m\n          \u001b[36m>\u001b[39m\n            \u001b[36m<path\u001b[39m\n              \u001b[33md\u001b[39m=\u001b[32m\"M5 12h14\"\u001b[39m\n            \u001b[36m/>\u001b[39m\n            \u001b[36m<path\u001b[39m\n              \u001b[33md\u001b[39m=\u001b[32m\"M12 5v14\"\u001b[39m\n            \u001b[36m/>\u001b[39m\n          \u001b[36m</svg>\u001b[39m\n          \u001b[0mNovo parcelamento\u001b[0m\n        \u001b[36m</button>\u001b[39m\n      \u001b[36m</div>\u001b[39m\n      \u001b[36m<div\u001b[39m\n        \u001b[33mclass\u001b[39m=\u001b[32m\"card py-8 text-center\"\u001b[39m\n      \u001b[36m>\u001b[39m\n        \u001b[36m<svg\u001b[39m\n          \u001b[33mclass\u001b[39m=\u001b[32m\"lucide lucide-calendar mx-auto mb-2 text-faint\"\u001b[39m\n          \u001b[33mfill\u001b[39m=\u001b[32m\"none\"\u001b[39m\n          \u001b[33mheight\u001b[39m=\u001b[32m\"32\"\u001b[39m\n          \u001b[33mstroke\u001b[39m=\u001b[32m\"currentColor\"\u001b[39m\n          \u001b[33mstroke-linecap\u001b[39m=\u001b[32m\"round\"\u001b[39m\n          \u001b[33mstroke-linejoin\u001b[39m=\u001b[32m\"round\"\u001b[39m\n          \u001b[33mstroke-width\u001b[39m=\u001b[32m\"2\"\u001b[39m\n          \u001b[33mviewBox\u001b[39m=\u001b[32m\"0 0 24 24\"\u001b[39m\n          \u001b[33mwidth\u001b[39m=\u001b[32m\"32\"\u001b[39m\n          \u001b[33mxmlns\u001b[39m=\u001b[32m\"http://www.w3.org/2000/svg\"\u001b[39m\n        \u001b[36m>\u001b[39m\n          \u001b[36m<rect\u001b[39m\n            \u001b[33mheight\u001b[39m=\u001b[32m\"18\"\u001b[39m\n            \u001b[33mrx\u001b[39m=\u001b[32m\"2\"\u001b[39m\n            \u001b[33mry\u001b[39m=\u001b[32m\"2\"\u001b[39m\n            \u001b[33mwidth\u001b[39m=\u001b[32m\"18\"\u001b[39m\n            \u001b[33mx\u001b[39m=\u001b[32m\"3\"\u001b[39m\n            \u001b[33my\u001b[39m=\u001b[32m\"4\"\u001b[39m\n          \u001b[36m/>\u001b[39m\n          \u001b[36m<line\u001b[39m\n            \u001b[33mx1\u001b[39m=\u001b[32m\"16\"\u001b[39m\n            \u001b[33mx2\u001b[39m=\u001b[32m\"16\"\u001b[39m\n            \u001b[33my1\u001b[39m=\u001b[32m\"2\"\u001b[39m\n            \u001b[33my2\u001b[39m=\u001b[32m\"6\"\u001b[39m\n          \u001b[36m/>\u001b[39m\n          \u001b[36m<line\u001b[39m\n            \u001b[33mx1\u001b[39m=\u001b[32m\"8\"\u001b[39m\n            \u001b[33mx2\u001b[39m=\u001b[32m\"8\"\u001b[39m\n            \u001b[33my1\u001b[39m=\u001b[32m\"2\"\u001b[39m\n            \u001b[33my2\u001b[39m=\u001b[32m\"6\"\u001b[39m\n          \u001b[36m/>\u001b[39m\n          \u001b[36m<line\u001b[39m\n            \u001b[33mx1\u001b[39m=\u001b[32m\"3\"\u001b[39m\n            \u001b[33mx2\u001b[39m=\u001b[32m\"21\"\u001b[39m\n            \u001b[33my1\u001b[39m=\u001b[32m\"10\"\u001b[39m\n            \u001b[33my2\u001b[39m=\u001b[32m\"10\"\u001b[39m\n          \u001b[36m/>\u001b[39m\n        \u001b[36m</svg>\u001b[39m\n        \u001b[36m<p\u001b[39m\n          \u001b[33mclass\u001b[39m=\u001b[32m\"mb-3 text-sm text-faint\"\u001b[39m\n        \u001b[36m>\u001b[39m\n          \u001b[0mNenhum parcelamento cadastrado\u001b[0m\n        \u001b[36m</p>\u001b[39m\n        \u001b[36m<button\u001b[39m\n          \u001b[33mclass\u001b[39m=\u001b[32m\"inline-flex items-center justify-center gap-2 font-semibold rounded-control transition-colors disabled:opacity-50 disabled:cursor-not-allowed bg-white hover:bg-chip text-ink border border-border text-xs py-1.5 px-3\"\u001b[39m\n          \u001b[33mtype\u001b[39m=\u001b[32m\"button\"\u001b[39m\n        \u001b[36m>\u001b[39m\n          \u001b[0mRegistrar parcelamento\u001b[0m\n        \u001b[36m</button>\u001b[39m\n      \u001b[36m</div>\u001b[39m\n    \u001b[36m</div>\u001b[39m\n  \u001b[36m</div>\u001b[39m\n  \u001b[36m<div\u001b[39m\n    \u001b[33mclass\u001b[39m=\u001b[32m\"fixed inset-0 z-[100] flex items-center justify-center p-4 bg-[rgba(12,36,29,0.45)] backdrop-blur-[2px]\"\u001b[39m\n    \u001b[33mrole\u001b[39m=\u001b[32m\"presentation\"\u001b[39m\n  \u001b[36m>\u001b[39m\n    \u001b[36m<div\u001b[39m\n      \u001b[33maria-labelledby\u001b[39m=\u001b[32m\":r20:\"\u001b[39m\n      \u001b[33maria-modal\u001b[39m=\u001b[32m\"true\"\u001b[39m\n      \u001b[33mclass\u001b[39m=\u001b[32m\"w-full max-h-[calc(100vh-2rem)] overflow-y-auto rounded-[22px] bg-card shadow-modal animate-[sc-rise_.28s_ease_both] max-w-lg\"\u001b[39m\n      \u001b[33mrole\u001b[39m=\u001b[32m\"dialog\"\u001b[39m\n      \u001b[33mtabindex\u001b[39m=\u001b[32m\"-1\"\u001b[39m\n    \u001b[36m>\u001b[39m\n      \u001b[36m<div\u001b[39m\n        \u001b[33mclass\u001b[39m=\u001b[32m\"flex items-center justify-between p-5 pb-4\"\u001b[39m\n      \u001b[36m>\u001b[39m\n        \u001b[36m<h2\u001b[39m\n          \u001b[33mclass\u001b[39m=\u001b[32m\"font-display text-xl font-bold text-ink\"\u001b[39m\n          \u001b[33mid\u001b[39m=\u001b[32m\":r20:\"\u001b[39m\n        \u001b[36m>\u001b[39m\n          \u001b[0mNovo parcelamento\u001b[0m\n        \u001b[36m</h2>\u001b[39m\n        \u001b[36m<button\u001b[39m\n          \u001b[33maria-label\u001b[39m=\u001b[32m\"Fechar modal\"\u001b[39m\n          \u001b[33mclass\u001b[39m=\u001b[32m\"flex h-8 w-8 items-center justify-center rounded-[10px] bg-chip text-muted transition-colors hover:bg-border\"\u001b[39m\n          \u001b[33mtype\u001b[39m=\u001b[32m\"button\"\u001b[39m\n        \u001b[36m>\u001b[39m\n          \u001b[36m<svg\u001b[39m\n            \u001b[33mclass\u001b[39m=\u001b[32m\"lucide lucide-x \"\u001b[39m\n            \u001b[33mfill\u001b[39m=\u001b[32m\"none\"\u001b[39m\n            \u001b[33mheight\u001b[39m=\u001b[32m\"17\"\u001b[39m\n            \u001b[33mstroke\u001b[39m=\u001b[32m\"currentColor\"\u001b[39m\n            \u001b[33mstroke-linecap\u001b[39m=\u001b[32m\"round\"\u001b[39m\n            \u001b[33mstroke-linejoin\u001b[39m=\u001b[32m\"round\"\u001b[39m\n            \u001b[33mstroke-width\u001b[39m=\u001b[32m\"2\"\u001b[39m\n            \u001b[33mviewBox\u001b[39m=\u001b[32m\"0 0 24 24\"\u001b[39m\n            \u001b[33mwidth\u001b[39m=\u001b[32m\"17\"\u001b[39m\n            \u001b[33mxmlns\u001b[39m=\u001b[32m\"http://www.w3.org/2000/svg\"\u001b[39m\n          \u001b[36m>\u001b[39m\n            \u001b[36m<path\u001b[39m\n              \u001b[33md\u001b[39m=\u001b[32m\"M18 6 6 18\"\u001b[39m\n            \u001b[36m/>\u001b[39m\n            \u001b[36m<path\u001b[39m\n              \u001b[33md\u001b[39m=\u001b[32m\"m6 6 12 12\"\u001b[39m\n            \u001b[36m/>\u001b[39m\n          \u001b[36m</svg>\u001b[39m\n        \u001b[36m</button>\u001b[39m\n      \u001b[36m</div>\u001b[39m\n      \u001b[36m<div\u001b[39m\n        \u001b[33mclass\u001b[39m=\u001b[32m\"px-5 pb-5\"\u001b[39m\n      \u001b[36m>\u001b[39m\n        \u001b[36m<form\u001b[39m\n          \u001b[33mclass\u001b[39m=\u001b[32m\"space-y-4\"\u001b[39m\n        \u001b[36m>\u001b[39m\n          \u001b[36m<div\u001b[39m\n            \u001b[33mclass\u001b[39m=\u001b[32m\"w-full\"\u001b[39m\n          \u001b[36m>\u001b[39m\n            \u001b[36m<label\u001b[39m\n              \u001b[33mclass\u001b[39m=\u001b[32m\"label\"\u001b[39m\n              \u001b[33mfor\u001b[39m=\u001b[32m\":r23:\"\u001b[39m\n            \u001b[36m>\u001b[39m\n              \u001b[0mDescrição\u001b[0m\n            \u001b[36m</label>\u001b[39m\n            \u001b[36m<input\u001b[39m\n              \u001b[33mclass\u001b[39m=\u001b[32m\"input\"\u001b[39m\n              \u001b[33mid\u001b[39m=\u001b[32m\":r23:\"\u001b[39m\n              \u001b[33mplaceholder\u001b[39m=\u001b[32m\"Ex: Notebook, Geladeira...\"\u001b[39m\n              \u001b[33mrequired\u001b[39m=\u001b[32m\"\"\u001b[39m\n              \u001b[33mvalue\u001b[39m=\u001b[32m\"\"\u001b[39m\n            \u001b[36m/>\u001b[39m\n          \u001b[36m</div>\u001b[39m\n          \u001b[36m<div\u001b[39m\n            \u001b[33mclass\u001b[39m=\u001b[32m\"grid grid-cols-2 gap-3\"\u001b[39m\n          \u001b[36m>\u001b[39m\n            \u001b[36m<div\u001b[39m\n              \u001b[33mclass\u001b[39m=\u001b[32m\"w-full\"\u001b[39m\n            \u001b[36m>\u001b[39m\n              \u001b[36m<label\u001b[39m\n                \u001b[33mclass\u001b[39m=\u001b[32m\"label\"\u001b[39m\n                \u001b[33mfor\u001b[39m=\u001b[32m\":r24:\"\u001b[39m\n              \u001b[36m>\u001b[39m\n                \u001b[0mValor total (R$)\u001b[0m\n              \u001b[36m</label>\u001b[39m\n              \u001b[36m<input\u001b[39m\n                \u001b[33mclass\u001b[39m=\u001b[32m\"input\"\u001b[39m\n                \u001b[33mid\u001b[39m=\u001b[32m\":r24:\"\u001b[39m\n                \u001b[33mmin\u001b[39m=\u001b[32m\"0.01\"\u001b[39m\n                \u001b[33mplaceholder\u001b[39m=\u001b[32m\"0,00\"\u001b[39m\n                \u001b[33mrequired\u001b[39m=\u001b[32m\"\"\u001b[39m\n                \u001b[33mstep\u001b[39m=\u001b[32m\"0.01\"\u001b[39m\n                \u001b[33mtype\u001b[39m=\u001b[32m\"number\"\u001b[39m\n                \u001b[33mvalue\u001b[39m=\u001b[32m\"\"\u001b[39m\n              \u001b[36m/>\u001b[39m\n            \u001b[36m</div>\u001b[39m\n            \u001b[36m<div\u001b[39m\n              \u001b[33mclass\u001b[39m=\u001b[32m\"w-full\"\u001b[39m\n            \u001b[36m>\u001b[39m\n              \u001b[36m<label\u001b[39m\n                \u001b[33mclass\u001b[39m=\u001b[32m\"label\"\u001b[39m\n                \u001b[33mfor\u001b[39m=\u001b[32m\":r25:\"\u001b[39m\n              \u001b[36m>\u001b[39m\n                \u001b[0mNº de parcelas\u001b[0m\n              \u001b[36m</label>\u001b[39m\n              \u001b[36m<input\u001b[39m\n                \u001b[33mclass\u001b[39m=\u001b[32m\"input\"\u001b[39m\n                \u001b[33mid\u001b[39m=\u001b[32m\":r25:\"\u001b[39m\n                \u001b[33mmax\u001b[39m=\u001b[32m\"120\"\u001b[39m\n                \u001b[33mmin\u001b[39m=\u001b[32m\"2\"\u001b[39m\n                \u001b[33mrequired\u001b[39m=\u001b[32m\"\"\u001b[39m\n                \u001b[33mtype\u001b[39m=\u001b[32m\"number\"\u001b[39m\n                \u001b[33mvalue\u001b[39m=\u001b[32m\"0\"\u001b[39m\n              \u001b[36m/>\u001b[39m\n            \u001b[36m</div>\u001b[39m\n          \u001b[36m</div>\u001b[39m\n          \u001b[36m<div\u001b[39m\n            \u001b[33mclass\u001b[39m=\u001b[32m\"grid grid-cols-2 gap-3\"\u001b[39m\n          \u001b[36m>\u001b[39m\n            \u001b[36m<div\u001b[39m\n              \u001b[33mclass\u001b[39m=\u001b[32m\"w-full\"\u001b[39m\n            \u001b[36m>\u001b[39m\n              \u001b[36m<label\u001b[39m\n                \u001b[33mclass\u001b[39m=\u001b[32m\"label\"\u001b[39m\n                \u001b[33mfor\u001b[39m=\u001b[32m\":r26:\"\u001b[39m\n              \u001b[36m>\u001b[39m\n                \u001b[0mConta / Cartão\u001b[0m\n              \u001b[36m</label>\u001b[39m\n              \u001b[36m<select\u001b[39m\n                \u001b[33mclass\u001b[39m=\u001b[32m\"input bg-white\"\u001b[39m\n                \u001b[33mid\u001b[39m=\u001b[32m\":r26:\"\u001b[39m\n                \u001b[33mrequired\u001b[39m=\u001b[32m\"\"\u001b[39m\n              \u001b[36m>\u001b[39m\n                \u001b[36m<option\u001b[39m\n                  \u001b[33mvalue\u001b[39m=\u001b[32m\"\"\u001b[39m\n                \u001b[36m>\u001b[39m\n                  \u001b[0mSelecione...\u001b[0m\n                \u001b[36m</option>\u001b[39m\n                \u001b[36m<option\u001b[39m\n                  \u001b[33mvalue\u001b[39m=\u001b[32m\"acc-1\"\u001b[39m\n                \u001b[36m>\u001b[39m\n                  \u001b[0mNubank\u001b[0m\n                \u001b[36m</option>\u001b[39m\n                \u001b[36m<option\u001b[39m\n                  \u001b[33mvalue\u001b[39m=\u001b[32m\"acc-2\"\u001b[39m\n                \u001b[36m>\u001b[39m\n                  \u001b[0mCartão XP\u001b[0m\n                \u001b[36m</option>\u001b[39m\n                \u001b[36m<option\u001b[39m\n                  \u001b[33mvalue\u001b[39m=\u001b[32m\"cc-incomplete\"\u001b[39m\n                \u001b[36m>\u001b[39m\n                  \u001b[0mIncompleto\u001b[0m\n                \u001b[36m</option>\u001b[39m\n              \u001b[36m</select>\u001b[39m\n            \u001b[36m</div>\u001b[39m\n            \u001b[36m<div\u001b[39m\n              \u001b[33mclass\u001b[39m=\u001b[32m\"w-full\"\u001b[39m\n            \u001b[36m>\u001b[39m\n              \u001b[36m<label\u001b[39m\n                \u001b[33mclass\u001b[39m=\u001b[32m\"label\"\u001b[39m\n                \u001b[33mfor\u001b[39m=\u001b[32m\":r27:\"\u001b[39m\n              \u001b[36m>\u001b[39m\n                \u001b[0mCategoria\u001b[0m\n              \u001b[36m</label>\u001b[39m\n              \u001b[36m<select\u001b[39m\n                \u001b[33mclass\u001b[39m=\u001b[32m\"input bg-white\"\u001b[39m\n                \u001b[33mid\u001b[39m=\u001b[32m\":r27:\"\u001b[39m\n                \u001b[33mrequired\u001b[39m=\u001b[32m\"\"\u001b[39m\n              \u001b[36m>\u001b[39m\n                \u001b[36m<option\u001b[39m\n                  \u001b[33mvalue\u001b[39m=\u001b[32m\"\"\u001b[39m\n                \u001b[36m>\u001b[39m\n                  \u001b[0mSelecione...\u001b[0m\n                \u001b[36m</option>\u001b[39m\n                \u001b[36m<option\u001b[39m\n                  \u001b[33mvalue\u001b[39m=\u001b[32m\"cat-1\"\u001b[39m\n                \u001b[36m>\u001b[39m\n                  \u001b[0mAlimentação\u001b[0m\n                \u001b[36m</option>\u001b[39m\n              \u001b[36m</select>\u001b[39m\n            \u001b[36m</div>\u001b[39m\n          \u001b[36m</div>\u001b[39m\n          \u001b[36m<div\u001b[39m\n            \u001b[33mclass\u001b[39m=\u001b[32m\"w-full\"\u001b[39m\n          \u001b[36m>\u001b[39m\n            \u001b[36m<label\u001b[39m\n              \u001b[33mclass\u001b[39m=\u001b[32m\"label\"\u001b[39m\n              \u001b[33mfor\u001b[39m=\u001b[32m\":r28:\"\u001b[39m\n            \u001b[36m>\u001b[39m\n              \u001b[0mData da compra\u001b[0m\n            \u001b[36m</label>\u001b[39m\n            \u001b[36m<input\u001b[39m\n              \u001b[33mclass\u001b[39m=\u001b[32m\"input\"\u001b[39m\n              \u001b[33mid\u001b[39m=\u001b[32m\":r28:\"\u001b[39m\n              \u001b[33mrequired\u001b[39m=\u001b[32m\"\"\u001b[39m\n              \u001b[33mtype\u001b[39m=\u001b[32m\"date\"\u001b[39m\n              \u001b[33mvalue\u001b[39m=\u001b[32m\"2026-08-02\"\u001b[39m\n            \u001b[36m/>\u001b[39m\n          \u001b[36m</div>\u001b[39m\n          \u001b[36m<div\u001b[39m\n            \u001b[33mclass\u001b[39m=\u001b[32m\"space-y-3 rounded-xl border border-border bg-chip/60 p-3\"\u001b[39m\n          \u001b[36m>\u001b[39m\n            \u001b[36m<label\u001b[39m\n              \u001b[33mclass\u001b[39m=\u001b[32m\"flex items-center gap-2 text-sm font-medium text-ink\"\u001b[39m\n            \u001b[36m>\u001b[39m\n              \u001b[36m<input\u001b[39m\n                \u001b[33mclass\u001b[39m=\u001b[32m\"h-4 w-4 rounded border-border text-forest focus:ring-forest\"\u001b[39m\n                \u001b[33mtype\u001b[39m=\u001b[32m\"checkbox\"\u001b[39m\n              \u001b[36m/>\u001b[39m\n              \u001b[0mParcelamento de terceiro\u001b[0m\n            \u001b[36m</label>\u001b[39m\n          \u001b[36m</div>\u001b[39m\n          \u001b[36m<div\u001b[39m\n            \u001b[33mclass\u001b[39m=\u001b[32m\"w-full\"\u001b[39m\n          \u001b[36m>\u001b[39m\n            \u001b[36m<label\u001b[39m\n              \u001b[33mclass\u001b[39m=\u001b[32m\"label\"\u001b[39m\n              \u001b[33mfor\u001b[39m=\u001b[32m\":r29:\"\u001b[39m\n            \u001b[36m>\u001b[39m\n              \u001b[0mObservações (opcional)\u001b[0m\n            \u001b[36m</label>\u001b[39m\n            \u001b[36m<input\u001b[39m\n              \u001b[33mclass\u001b[39m=\u001b[32m\"input\"\u001b[39m\n              \u001b[33mid\u001b[39m=\u001b[32m\":r29:\"\u001b[39m\n              \u001b[33mplaceholder\u001b[39m=\u001b[32m\"Notas adicionais...\"\u001b[39m\n              \u001b[33mvalue\u001b[39m=\u001b[32m\"\"\u001b[39m\n            \u001b[36m/>\u001b[39m\n          \u001b[36m</div>\u001b[39m\n          \u001b[36m<div\u001b[39m\n            \u001b[33mclass\u001b[39m=\u001b[32m\"flex gap-2 pt-2\"\u001b[39m\n          \u001b[36m>\u001b[39m\n            \u001b[36m<button\u001b[39m\n              \u001b[33mclass\u001b[39m=\u001b[32m\"inline-flex items-center justify-center gap-2 font-semibold rounded-control transition-colors disabled:opacity-50 disabled:cursor-not-allowed bg-white hover:bg-chip text-ink border border-border text-sm py-2 px-4 flex-1\"\u001b[39m\n              \u001b[33mtype\u001b[39m=\u001b[32m\"button\"\u001b[39m\n            \u001b[36m>\u001b[39m\n              \u001b[0mCancelar\u001b[0m\n            \u001b[36m</button>\u001b[39m\n            \u001b[36m<button\u001b[39m\n              \u001b[33mclass\u001b[39m=\u001b[32m\"inline-flex items-center justify-center gap-2 font-semibold rounded-control transition-colors disabled:opacity-50 disabled:cursor-not-allowed bg-forest hover:bg-forest-hover text-white text-sm py-2 px-4 flex-1\"\u001b[39m\n              \u001b[33mtype\u001b[39m=\u001b[32m\"submit\"\u001b[39m\n            \u001b[36m>\u001b[39m\n              \u001b[0mCriar parcelamento\u001b[0m\n            \u001b[36m</button>\u001b[39m\n          \u001b[36m</div>\u001b[39m\n        \u001b[36m</form>\u001b[39m\n      \u001b[36m</div>\u001b[39m\n    \u001b[36m</div>\u001b[39m\n  \u001b[36m</div>\u001b[39m\n\u001b[36m</body>\u001b[39m\n    at Proxy.waitForWrapper (C:\\Users\\Arthur\\OneDrive\\Projetos\\DashboardFinanceiro\\frontend\\node_modules\\.pnpm\\@testing-library+dom@10.4.1\\node_modules\\@testing-library\\dom\\dist\\wait-for.js:163:27)\n    at C:\\Users\\Arthur\\OneDrive\\Projetos\\DashboardFinanceiro\\frontend\\src\\pages\\Installments.test.tsx:382:11\n    at runNextTicks (node:internal/process/task_queues:65:5)\n    at processTimers (node:internal/timers:538:9)\n    at file:///C:/Users/Arthur/OneDrive/Projetos/DashboardFinanceiro/frontend/node_modules/.pnpm/@vitest+runner@3.2.7/node_modules/@vitest/runner/dist/chunk-hooks.js:752:20"],"meta":{}}],"startTime":1785707837294,"endTime":1785707843860.4268,"status":"failed","message":"","name":"C:/Users/Arthur/OneDrive/Projetos/DashboardFinanceiro/frontend/src/pages/Installments.test.tsx"},{"assertionResults":[{"ancestorTitles":["Subscriptions"],"fullName":"Subscriptions empty state and create with third party","status":"passed","title":"empty state and create with third party","duration":1371.4557000000002,"failureMessages":[],"meta":{}},{"ancestorTitles":["Subscriptions"],"fullName":"Subscriptions lists, edits, deletes, pagination and badges","status":"passed","title":"lists, edits, deletes, pagination and badges","duration":782.5342999999998,"failureMessages":[],"meta":{}},{"ancestorTitles":["Subscriptions"],"fullName":"Subscriptions covers third party without name and empty name on submit","status":"passed","title":"covers third party without name and empty name on submit","duration":233.2808,"failureMessages":[],"meta":{}},{"ancestorTitles":["Subscriptions"],"fullName":"Subscriptions syncs billing day on start date change for create","status":"passed","title":"syncs billing day on start date change for create","duration":675.1068999999998,"failureMessages":[],"meta":{}},{"ancestorTitles":["Subscriptions"],"fullName":"Subscriptions shows error and cancel delete","status":"passed","title":"shows error and cancel delete","duration":688.7210000000005,"failureMessages":[],"meta":{}},{"ancestorTitles":["Subscriptions"],"fullName":"Subscriptions unchecks third party and toggles active","status":"passed","title":"unchecks third party and toggles active","duration":234.97969999999987,"failureMessages":[],"meta":{}},{"ancestorTitles":["Subscriptions"],"fullName":"Subscriptions creates without notes and endDate","status":"passed","title":"creates without notes and endDate","duration":467.0157999999992,"failureMessages":[],"meta":{}}],"startTime":1785707849858,"endTime":1785707854311.0159,"status":"passed","message":"","name":"C:/Users/Arthur/OneDrive/Projetos/DashboardFinanceiro/frontend/src/pages/Subscriptions.test.tsx"},{"assertionResults":[{"ancestorTitles":["Transactions"],"fullName":"Transactions renders list with badges and delete","status":"passed","title":"renders list with badges and delete","duration":287.3510000000001,"failureMessages":[],"meta":{}},{"ancestorTitles":["Transactions"],"fullName":"Transactions shows empty states and filters","status":"passed","title":"shows empty states and filters","duration":233.40440000000012,"failureMessages":[],"meta":{}},{"ancestorTitles":["Transactions"],"fullName":"Transactions type filter clears incompatible category and shows optgroups","status":"passed","title":"type filter clears incompatible category and shows optgroups","duration":312.50340000000006,"failureMessages":[],"meta":{}},{"ancestorTitles":["Transactions"],"fullName":"Transactions loads more and handles error","status":"passed","title":"loads more and handles error","duration":107.48950000000013,"failureMessages":[],"meta":{}},{"ancestorTitles":["Transactions"],"fullName":"Transactions shows error state with retry","status":"passed","title":"shows error state with retry","duration":93.72609999999986,"failureMessages":[],"meta":{}},{"ancestorTitles":["Transactions"],"fullName":"Transactions edits single transaction and plural count","status":"passed","title":"edits single transaction and plural count","duration":92.93240000000014,"failureMessages":[],"meta":{}},{"ancestorTitles":["Transactions"],"fullName":"Transactions closes delete dialog without confirming","status":"passed","title":"closes delete dialog without confirming","duration":173.3768,"failureMessages":[],"meta":{}}],"startTime":1785707871683,"endTime":1785707872984.3767,"status":"passed","message":"","name":"C:/Users/Arthur/OneDrive/Projetos/DashboardFinanceiro/frontend/src/pages/Transactions.test.tsx"},{"assertionResults":[{"ancestorTitles":["AccountSummaryWidget"],"fullName":"AccountSummaryWidget renders accounts with movement","status":"passed","title":"renders accounts with movement","duration":69.72649999999999,"failureMessages":[],"meta":{}},{"ancestorTitles":["AccountSummaryWidget"],"fullName":"AccountSummaryWidget shows empty and loading","status":"passed","title":"shows empty and loading","duration":33.82120000000009,"failureMessages":[],"meta":{}},{"ancestorTitles":["AccountSummaryWidget"],"fullName":"AccountSummaryWidget filters accounts without movement and handles single-word initials","status":"passed","title":"filters accounts without movement and handles single-word initials","duration":32.95349999999985,"failureMessages":[],"meta":{}}],"startTime":1785707893036,"endTime":1785707893172.9536,"status":"passed","message":"","name":"C:/Users/Arthur/OneDrive/Projetos/DashboardFinanceiro/frontend/src/components/Dashboard/AccountSummaryWidget.test.tsx"},{"assertionResults":[{"ancestorTitles":["ActiveInstallmentsWidget"],"fullName":"ActiveInstallmentsWidget renders active installments","status":"passed","title":"renders active installments","duration":63.052799999999934,"failureMessages":[],"meta":{}},{"ancestorTitles":["ActiveInstallmentsWidget"],"fullName":"ActiveInstallmentsWidget shows empty state","status":"passed","title":"shows empty state","duration":28.730399999999918,"failureMessages":[],"meta":{}},{"ancestorTitles":["ActiveInstallmentsWidget"],"fullName":"ActiveInstallmentsWidget shows ver mais when more than 5 and handles finished/no next","status":"passed","title":"shows ver mais when more than 5 and handles finished/no next","duration":31.636399999999867,"failureMessages":[],"meta":{}},{"ancestorTitles":["ActiveInstallmentsWidget"],"fullName":"ActiveInstallmentsWidget handles zero installmentCount and missing paidCount","status":"passed","title":"handles zero installmentCount and missing paidCount","duration":31.210199999999986,"failureMessages":[],"meta":{}},{"ancestorTitles":["ActiveInstallmentsWidget"],"fullName":"ActiveInstallmentsWidget shows high progress bar style when pct >= 75","status":"passed","title":"shows high progress bar style when pct >= 75","duration":32.296499999999924,"failureMessages":[],"meta":{}}],"startTime":1785707888093,"endTime":1785707888280.2964,"status":"passed","message":"","name":"C:/Users/Arthur/OneDrive/Projetos/DashboardFinanceiro/frontend/src/components/Dashboard/ActiveInstallmentsWidget.test.tsx"},{"assertionResults":[{"ancestorTitles":["AlertsWidget"],"fullName":"AlertsWidget shows warning and triggered alerts","status":"passed","title":"shows warning and triggered alerts","duration":69.89350000000013,"failureMessages":[],"meta":{}},{"ancestorTitles":["AlertsWidget"],"fullName":"AlertsWidget empty configured","status":"passed","title":"empty configured","duration":28.90319999999997,"failureMessages":[],"meta":{}},{"ancestorTitles":["AlertsWidget"],"fullName":"AlertsWidget none near limit","status":"passed","title":"none near limit","duration":16.22869999999989,"failureMessages":[],"meta":{}}],"startTime":1785707891343,"endTime":1785707891457.2288,"status":"passed","message":"","name":"C:/Users/Arthur/OneDrive/Projetos/DashboardFinanceiro/frontend/src/components/Dashboard/AlertsWidget.test.tsx"},{"assertionResults":[{"ancestorTitles":["CategoryChart"],"fullName":"CategoryChart shows loading then expense bars","status":"passed","title":"shows loading then expense bars","duration":68.37180000000012,"failureMessages":[],"meta":{}},{"ancestorTitles":["CategoryChart"],"fullName":"CategoryChart shows empty state","status":"passed","title":"shows empty state","duration":28.921699999999873,"failureMessages":[],"meta":{}},{"ancestorTitles":["CategoryChart"],"fullName":"CategoryChart filters zero expense totals","status":"passed","title":"filters zero expense totals","duration":31.066800000000057,"failureMessages":[],"meta":{}}],"startTime":1785707898248,"endTime":1785707898377.067,"status":"passed","message":"","name":"C:/Users/Arthur/OneDrive/Projetos/DashboardFinanceiro/frontend/src/components/Dashboard/CategoryChart.test.tsx"},{"assertionResults":[{"ancestorTitles":["MonthlyChart"],"fullName":"MonthlyChart shows loading then chart","status":"passed","title":"shows loading then chart","duration":41.00779999999986,"failureMessages":[],"meta":{}}],"startTime":1785707903862,"endTime":1785707903903.0078,"status":"passed","message":"","name":"C:/Users/Arthur/OneDrive/Projetos/DashboardFinanceiro/frontend/src/components/Dashboard/MonthlyChart.test.tsx"},{"assertionResults":[{"ancestorTitles":["SummaryCards"],"fullName":"SummaryCards shows loading placeholders then values with positive pct","status":"passed","title":"shows loading placeholders then values with positive pct","duration":102.93160000000012,"failureMessages":[],"meta":{}},{"ancestorTitles":["SummaryCards"],"fullName":"SummaryCards handles empty evolution and plural entradas","status":"passed","title":"handles empty evolution and plural entradas","duration":28.764900000000125,"failureMessages":[],"meta":{}},{"ancestorTitles":["SummaryCards"],"fullName":"SummaryCards shows negative pct change branch","status":"passed","title":"shows negative pct change branch","duration":31.3753999999999,"failureMessages":[],"meta":{}},{"ancestorTitles":["SummaryCards"],"fullName":"SummaryCards handles previous balance zero (no pct)","status":"passed","title":"handles previous balance zero (no pct)","duration":30.99409999999989,"failureMessages":[],"meta":{}},{"ancestorTitles":["SummaryCards"],"fullName":"SummaryCards covers single spark point and missing income/expense totals","status":"passed","title":"covers single spark point and missing income/expense totals","duration":14.777299999999968,"failureMessages":[],"meta":{}},{"ancestorTitles":["SummaryCards"],"fullName":"SummaryCards shows loading dashes while monthly summary pending","status":"passed","title":"shows loading dashes while monthly summary pending","duration":31.759900000000016,"failureMessages":[],"meta":{}}],"startTime":1785707882903,"endTime":1785707883143.76,"status":"passed","message":"","name":"C:/Users/Arthur/OneDrive/Projetos/DashboardFinanceiro/frontend/src/components/Dashboard/SummaryCards.test.tsx"},{"assertionResults":[{"ancestorTitles":["formatCurrency"],"fullName":"formatCurrency formats cents as BRL","status":"passed","title":"formats cents as BRL","duration":10.172399999999925,"failureMessages":[],"meta":{}},{"ancestorTitles":["formatDate"],"fullName":"formatDate formats ISO date as dd/MM/yyyy","status":"passed","title":"formats ISO date as dd/MM/yyyy","duration":0.9957999999999174,"failureMessages":[],"meta":{}},{"ancestorTitles":["parseCurrencyBR"],"fullName":"parseCurrencyBR returns NaN for empty/whitespace","status":"passed","title":"returns NaN for empty/whitespace","duration":0.17219999999997526,"failureMessages":[],"meta":{}},{"ancestorTitles":["parseCurrencyBR"],"fullName":"parseCurrencyBR parses pt-BR format with comma as decimal","status":"passed","title":"parses pt-BR format with comma as decimal","duration":0.18650000000002365,"failureMessages":[],"meta":{}},{"ancestorTitles":["parseCurrencyBR"],"fullName":"parseCurrencyBR parses canonical/dot decimal format","status":"passed","title":"parses canonical/dot decimal format","duration":0.08390000000008513,"failureMessages":[],"meta":{}},{"ancestorTitles":["parseCurrencyBR"],"fullName":"parseCurrencyBR parses integers without separators","status":"passed","title":"parses integers without separators","duration":0.05400000000008731,"failureMessages":[],"meta":{}},{"ancestorTitles":["parseCurrencyBR"],"fullName":"parseCurrencyBR handles negative values","status":"passed","title":"handles negative values","duration":0.08180000000015752,"failureMessages":[],"meta":{}},{"ancestorTitles":["parseCurrencyBR"],"fullName":"parseCurrencyBR strips currency symbols and spaces","status":"passed","title":"strips currency symbols and spaces","duration":0.05300000000011096,"failureMessages":[],"meta":{}},{"ancestorTitles":["parseCurrencyBR"],"fullName":"parseCurrencyBR returns NaN for invalid decimal shapes","status":"passed","title":"returns NaN for invalid decimal shapes","duration":0.09180000000014843,"failureMessages":[],"meta":{}},{"ancestorTitles":["parseCurrencyBR"],"fullName":"parseCurrencyBR rounds half-up on third fractional digit","status":"passed","title":"rounds half-up on third fractional digit","duration":0.06340000000000146,"failureMessages":[],"meta":{}},{"ancestorTitles":["centsToInput"],"fullName":"centsToInput converts cents to input string","status":"passed","title":"converts cents to input string","duration":0.1125000000001819,"failureMessages":[],"meta":{}},{"ancestorTitles":["centsToInput"],"fullName":"centsToInput returns empty for null/undefined","status":"passed","title":"returns empty for null/undefined","duration":0.053100000000085856,"failureMessages":[],"meta":{}},{"ancestorTitles":["getLocalDateInput"],"fullName":"getLocalDateInput returns YYYY-MM-DD in local timezone","status":"passed","title":"returns YYYY-MM-DD in local timezone","duration":0.15470000000004802,"failureMessages":[],"meta":{}},{"ancestorTitles":["getLocalDateInput"],"fullName":"getLocalDateInput defaults to now","status":"passed","title":"defaults to now","duration":1.0674999999998818,"failureMessages":[],"meta":{}},{"ancestorTitles":["formatMonthYear / formatMonthShort / capitalize"],"fullName":"formatMonthYear / formatMonthShort / capitalize formats month year capitalized","status":"passed","title":"formats month year capitalized","duration":0.1935000000000855,"failureMessages":[],"meta":{}},{"ancestorTitles":["formatMonthYear / formatMonthShort / capitalize"],"fullName":"formatMonthYear / formatMonthShort / capitalize formats short month","status":"passed","title":"formats short month","duration":0.1450999999999567,"failureMessages":[],"meta":{}},{"ancestorTitles":["formatMonthYear / formatMonthShort / capitalize"],"fullName":"formatMonthYear / formatMonthShort / capitalize capitalizes string","status":"passed","title":"capitalizes string","duration":0.06340000000000146,"failureMessages":[],"meta":{}},{"ancestorTitles":["labels and presets"],"fullName":"labels and presets exposes account and category labels","status":"passed","title":"exposes account and category labels","duration":0.0805000000000291,"failureMessages":[],"meta":{}},{"ancestorTitles":["labels and presets"],"fullName":"labels and presets exposes preset colors","status":"passed","title":"exposes preset colors","duration":0.08320000000003347,"failureMessages":[],"meta":{}}],"startTime":1785707907770,"endTime":1785707907784.0833,"status":"passed","message":"","name":"C:/Users/Arthur/OneDrive/Projetos/DashboardFinanceiro/frontend/src/utils/formatters.test.ts"},{"assertionResults":[{"ancestorTitles":["TransactionFormModal"],"fullName":"TransactionFormModal creates expense with third party","status":"passed","title":"creates expense with third party","duration":866.3721999999998,"failureMessages":[],"meta":{}},{"ancestorTitles":["TransactionFormModal"],"fullName":"TransactionFormModal switches to income and clears third party","status":"passed","title":"switches to income and clears third party","duration":174.49400000000014,"failureMessages":[],"meta":{}},{"ancestorTitles":["TransactionFormModal"],"fullName":"TransactionFormModal shows credit card tip with and without closing day","status":"passed","title":"shows credit card tip with and without closing day","duration":188.1869999999999,"failureMessages":[],"meta":{}},{"ancestorTitles":["TransactionFormModal"],"fullName":"TransactionFormModal edits existing transaction","status":"passed","title":"edits existing transaction","duration":559.6009000000004,"failureMessages":[],"meta":{}},{"ancestorTitles":["TransactionFormModal"],"fullName":"TransactionFormModal edits transaction with nullish optional fields","status":"passed","title":"edits transaction with nullish optional fields","duration":15.623799999999846,"failureMessages":[],"meta":{}},{"ancestorTitles":["TransactionFormModal"],"fullName":"TransactionFormModal submits income without third party fields","status":"passed","title":"submits income without third party fields","duration":501.36670000000004,"failureMessages":[],"meta":{}},{"ancestorTitles":["TransactionFormModal"],"fullName":"TransactionFormModal submits expense third party with empty responsible name","status":"passed","title":"submits expense third party with empty responsible name","duration":375.5467000000003,"failureMessages":[],"meta":{}},{"ancestorTitles":["TransactionFormModal"],"fullName":"TransactionFormModal cancels and resets","status":"passed","title":"cancels and resets","duration":77.67389999999978,"failureMessages":[],"meta":{}},{"ancestorTitles":["TransactionFormModal"],"fullName":"TransactionFormModal shows mutation error","status":"passed","title":"shows mutation error","duration":329.5611000000008,"failureMessages":[],"meta":{}},{"ancestorTitles":["TransactionFormModal"],"fullName":"TransactionFormModal unchecks third party clears fields","status":"passed","title":"unchecks third party clears fields","duration":207.1243000000004,"failureMessages":[],"meta":{}},{"ancestorTitles":["TransactionFormModal"],"fullName":"TransactionFormModal edits transaction with nullish optional fields","status":"passed","title":"edits transaction with nullish optional fields","duration":103.71129999999994,"failureMessages":[],"meta":{}},{"ancestorTitles":["TransactionFormModal"],"fullName":"TransactionFormModal creates plain expense without notes","status":"passed","title":"creates plain expense without notes","duration":357.9955,"failureMessages":[],"meta":{}}],"startTime":1785707856107,"endTime":1785707859864.9956,"status":"passed","message":"","name":"C:/Users/Arthur/OneDrive/Projetos/DashboardFinanceiro/frontend/src/components/Transactions/TransactionFormModal.test.tsx"},{"assertionResults":[{"ancestorTitles":["Button"],"fullName":"Button renders children and handles click","status":"passed","title":"renders children and handles click","duration":121.94060000000013,"failureMessages":[],"meta":{}},{"ancestorTitles":["Button"],"fullName":"Button applies variants and sizes","status":"passed","title":"applies variants and sizes","duration":11.887099999999919,"failureMessages":[],"meta":{}},{"ancestorTitles":["Button"],"fullName":"Button shows loading spinner and disables","status":"passed","title":"shows loading spinner and disables","duration":6.554699999999912,"failureMessages":[],"meta":{}},{"ancestorTitles":["Button"],"fullName":"Button respects disabled prop","status":"passed","title":"respects disabled prop","duration":3.6670999999998912,"failureMessages":[],"meta":{}}],"startTime":1785707889574,"endTime":1785707889717.667,"status":"passed","message":"","name":"C:/Users/Arthur/OneDrive/Projetos/DashboardFinanceiro/frontend/src/components/ui/Button.test.tsx"},{"assertionResults":[{"ancestorTitles":["ColorPicker"],"fullName":"ColorPicker renders label and all presets","status":"passed","title":"renders label and all presets","duration":106.90260000000012,"failureMessages":[],"meta":{}},{"ancestorTitles":["ColorPicker"],"fullName":"ColorPicker marks selected color and calls onChange","status":"passed","title":"marks selected color and calls onChange","duration":60.179099999999835,"failureMessages":[],"meta":{}},{"ancestorTitles":["ColorPicker"],"fullName":"ColorPicker renders without label","status":"passed","title":"renders without label","duration":3.1141999999999825,"failureMessages":[],"meta":{}}],"startTime":1785707886288,"endTime":1785707886458.1143,"status":"passed","message":"","name":"C:/Users/Arthur/OneDrive/Projetos/DashboardFinanceiro/frontend/src/components/ui/ColorPicker.test.tsx"},{"assertionResults":[{"ancestorTitles":["ConfirmDialog"],"fullName":"ConfirmDialog renders defaults and handles confirm/cancel","status":"passed","title":"renders defaults and handles confirm/cancel","duration":218.82510000000002,"failureMessages":[],"meta":{}},{"ancestorTitles":["ConfirmDialog"],"fullName":"ConfirmDialog shows custom labels, loading and error","status":"passed","title":"shows custom labels, loading and error","duration":15.082799999999907,"failureMessages":[],"meta":{}}],"startTime":1785707884477,"endTime":1785707884711.0828,"status":"passed","message":"","name":"C:/Users/Arthur/OneDrive/Projetos/DashboardFinanceiro/frontend/src/components/ui/ConfirmDialog.test.tsx"},{"assertionResults":[{"ancestorTitles":["FormError"],"fullName":"FormError returns null without error","status":"passed","title":"returns null without error","duration":8.310799999999972,"failureMessages":[],"meta":{}},{"ancestorTitles":["FormError"],"fullName":"FormError renders alert with api message","status":"passed","title":"renders alert with api message","duration":60.897699999999986,"failureMessages":[],"meta":{}}],"startTime":1785707902274,"endTime":1785707902342.8977,"status":"passed","message":"","name":"C:/Users/Arthur/OneDrive/Projetos/DashboardFinanceiro/frontend/src/components/ui/FormError.test.tsx"},{"assertionResults":[{"ancestorTitles":["Input"],"fullName":"Input renders label and binds htmlFor","status":"passed","title":"renders label and binds htmlFor","duration":19.89070000000015,"failureMessages":[],"meta":{}},{"ancestorTitles":["Input"],"fullName":"Input generates id when not provided","status":"passed","title":"generates id when not provided","duration":2.0134999999997945,"failureMessages":[],"meta":{}},{"ancestorTitles":["Input"],"fullName":"Input shows error state","status":"passed","title":"shows error state","duration":2.804499999999962,"failureMessages":[],"meta":{}},{"ancestorTitles":["Input"],"fullName":"Input forwards ref","status":"passed","title":"forwards ref","duration":1.254699999999957,"failureMessages":[],"meta":{}}],"startTime":1785707905090,"endTime":1785707905116.2546,"status":"passed","message":"","name":"C:/Users/Arthur/OneDrive/Projetos/DashboardFinanceiro/frontend/src/components/ui/Input.test.tsx"},{"assertionResults":[{"ancestorTitles":["Modal"],"fullName":"Modal returns null when closed","status":"passed","title":"returns null when closed","duration":15.603399999999965,"failureMessages":[],"meta":{}},{"ancestorTitles":["Modal"],"fullName":"Modal renders title, focuses first input, locks body scroll","status":"passed","title":"renders title, focuses first input, locks body scroll","duration":68.42320000000018,"failureMessages":[],"meta":{}},{"ancestorTitles":["Modal"],"fullName":"Modal closes on Escape, overlay click and close button","status":"passed","title":"closes on Escape, overlay click and close button","duration":171.21180000000004,"failureMessages":[],"meta":{}},{"ancestorTitles":["Modal"],"fullName":"Modal does not close when clicking dialog content","status":"passed","title":"does not close when clicking dialog content","duration":46.841499999999996,"failureMessages":[],"meta":{}},{"ancestorTitles":["Modal"],"fullName":"Modal traps focus with Tab and Shift+Tab","status":"passed","title":"traps focus with Tab and Shift+Tab","duration":141.94179999999983,"failureMessages":[],"meta":{}},{"ancestorTitles":["Modal"],"fullName":"Modal focuses dialog when no focusable children","status":"passed","title":"focuses dialog when no focusable children","duration":15.844499999999925,"failureMessages":[],"meta":{}},{"ancestorTitles":["Modal"],"fullName":"Modal restores previous focus on unmount","status":"passed","title":"restores previous focus on unmount","duration":15.436599999999999,"failureMessages":[],"meta":{}},{"ancestorTitles":["Modal"],"fullName":"Modal handles Tab when dialog has no focusable elements by focusing dialog","status":"passed","title":"handles Tab when dialog has no focusable elements by focusing dialog","duration":46.49700000000007,"failureMessages":[],"meta":{}},{"ancestorTitles":["Modal"],"fullName":"Modal stores null previous focus when activeElement is not an HTMLElement","status":"passed","title":"stores null previous focus when activeElement is not an HTMLElement","duration":15.297599999999875,"failureMessages":[],"meta":{}},{"ancestorTitles":["Modal"],"fullName":"Modal skips focus when dialog unmounts before rAF","status":"passed","title":"skips focus when dialog unmounts before rAF","duration":1.838399999999865,"failureMessages":[],"meta":{}}],"startTime":1785707878728,"endTime":1785707879266.8384,"status":"passed","message":"","name":"C:/Users/Arthur/OneDrive/Projetos/DashboardFinanceiro/frontend/src/components/ui/Modal.test.tsx"},{"assertionResults":[{"ancestorTitles":["Select"],"fullName":"Select renders label and options","status":"passed","title":"renders label and options","duration":81.71119999999996,"failureMessages":[],"meta":{}},{"ancestorTitles":["Select"],"fullName":"Select generates id and shows error","status":"passed","title":"generates id and shows error","duration":3.207400000000007,"failureMessages":[],"meta":{}},{"ancestorTitles":["Select"],"fullName":"Select forwards ref without label","status":"passed","title":"forwards ref without label","duration":1.4386000000001786,"failureMessages":[],"meta":{}}],"startTime":1785707900996,"endTime":1785707901082.4387,"status":"passed","message":"","name":"C:/Users/Arthur/OneDrive/Projetos/DashboardFinanceiro/frontend/src/components/ui/Select.test.tsx"},{"assertionResults":[{"ancestorTitles":["ui primitives"],"fullName":"ui primitives renders Button variants sizes and loading state","status":"passed","title":"renders Button variants sizes and loading state","duration":124.83979999999997,"failureMessages":[],"meta":{}},{"ancestorTitles":["ui primitives"],"fullName":"ui primitives renders Input Select FormError ColorPicker","status":"passed","title":"renders Input Select FormError ColorPicker","duration":67.93270000000007,"failureMessages":[],"meta":{}},{"ancestorTitles":["ui primitives"],"fullName":"ui primitives opens Modal and ConfirmDialog interactions","status":"passed","title":"opens Modal and ConfirmDialog interactions","duration":142.1612,"failureMessages":[],"meta":{}}],"startTime":1785707880962,"endTime":1785707881297.1611,"status":"passed","message":"","name":"C:/Users/Arthur/OneDrive/Projetos/DashboardFinanceiro/frontend/src/components/ui/ui.test.tsx"},{"assertionResults":[{"ancestorTitles":["Header"],"fullName":"Header navigates months including year boundaries and Hoje","status":"passed","title":"navigates months including year boundaries and Hoje","duration":1123.5636,"failureMessages":[],"meta":{}},{"ancestorTitles":["Header"],"fullName":"Header shows search on transactions and exports CSV","status":"passed","title":"shows search on transactions and exports CSV","duration":218.97839999999997,"failureMessages":[],"meta":{}},{"ancestorTitles":["Header"],"fullName":"Header hides period/search/export on accounts page","status":"passed","title":"hides period/search/export on accounts page","duration":6.805000000000291,"failureMessages":[],"meta":{}},{"ancestorTitles":["Header"],"fullName":"Header prevMonth when not January","status":"passed","title":"prevMonth when not January","duration":73.13119999999981,"failureMessages":[],"meta":{}}],"startTime":1785707868582,"endTime":1785707870005.131,"status":"passed","message":"","name":"C:/Users/Arthur/OneDrive/Projetos/DashboardFinanceiro/frontend/src/components/Layout/Header.test.tsx"},{"assertionResults":[{"ancestorTitles":["Layout"],"fullName":"Layout renders sidebar, header and children","status":"passed","title":"renders sidebar, header and children","duration":125.45139999999992,"failureMessages":[],"meta":{}}],"startTime":1785707894817,"endTime":1785707894942.4514,"status":"passed","message":"","name":"C:/Users/Arthur/OneDrive/Projetos/DashboardFinanceiro/frontend/src/components/Layout/Layout.test.tsx"},{"assertionResults":[{"ancestorTitles":["Sidebar"],"fullName":"Sidebar renders nav links","status":"passed","title":"renders nav links","duration":51.75720000000001,"failureMessages":[],"meta":{}},{"ancestorTitles":["Sidebar"],"fullName":"Sidebar shows attention badge on alerts when triggered/warning","status":"passed","title":"shows attention badge on alerts when triggered/warning","duration":50.19869999999992,"failureMessages":[],"meta":{}},{"ancestorTitles":["Sidebar"],"fullName":"Sidebar hides badge when no attention alerts","status":"passed","title":"hides badge when no attention alerts","duration":19.817799999999806,"failureMessages":[],"meta":{}}],"startTime":1785707899659,"endTime":1785707899780.8179,"status":"passed","message":"","name":"C:/Users/Arthur/OneDrive/Projetos/DashboardFinanceiro/frontend/src/components/Layout/Sidebar.test.tsx"}],"coverageMap":{"C:\\Users\\Arthur\\OneDrive\\Projetos\\DashboardFinanceiro\\frontend\\src\\App.tsx":{"path":"C:\\Users\\Arthur\\OneDrive\\Projetos\\DashboardFinanceiro\\frontend\\src\\App.tsx","all":false,"statementMap":{"0":{"start":{"line":1,"column":0},"end":{"line":1,"column":39}},"7":{"start":{"line":8,"column":0},"end":{"line":8,"column":58}},"8":{"start":{"line":9,"column":0},"end":{"line":9,"column":64}},"9":{"start":{"line":10,"column":0},"end":{"line":10,"column":56}},"10":{"start":{"line":11,"column":0},"end":{"line":11,"column":60}},"11":{"start":{"line":12,"column":0},"end":{"line":12,"column":64}},"12":{"start":{"line":13,"column":0},"end":{"line":13,"column":66}},"13":{"start":{"line":14,"column":0},"end":{"line":14,"column":52}},"15":{"start":{"line":16,"column":0},"end":{"line":16,"column":31}},"16":{"start":{"line":17,"column":0},"end":{"line":17,"column":10}},"17":{"start":{"line":18,"column":0},"end":{"line":18,"column":19}},"18":{"start":{"line":19,"column":0},"end":{"line":19,"column":20}},"19":{"start":{"line":20,"column":0},"end":{"line":20,"column":24}},"20":{"start":{"line":21,"column":0},"end":{"line":21,"column":36}},"21":{"start":{"line":22,"column":0},"end":{"line":22,"column":20}},"22":{"start":{"line":23,"column":0},"end":{"line":23,"column":105}},"23":{"start":{"line":24,"column":0},"end":{"line":24,"column":24}},"24":{"start":{"line":25,"column":0},"end":{"line":25,"column":60}},"25":{"start":{"line":26,"column":0},"end":{"line":26,"column":75}},"26":{"start":{"line":27,"column":0},"end":{"line":27,"column":67}},"27":{"start":{"line":28,"column":0},"end":{"line":28,"column":71}},"28":{"start":{"line":29,"column":0},"end":{"line":29,"column":75}},"29":{"start":{"line":30,"column":0},"end":{"line":30,"column":77}},"30":{"start":{"line":31,"column":0},"end":{"line":31,"column":63}},"31":{"start":{"line":32,"column":0},"end":{"line":32,"column":74}},"32":{"start":{"line":33,"column":0},"end":{"line":33,"column":25}},"33":{"start":{"line":34,"column":0},"end":{"line":34,"column":25}},"34":{"start":{"line":35,"column":0},"end":{"line":35,"column":21
[...]
7,"column":60},"end":{"line":137,"column":73}}]},"59":{"type":"branch","line":138,"loc":{"start":{"line":138,"column":10},"end":{"line":138,"column":89}},"locations":[{"start":{"line":138,"column":10},"end":{"line":138,"column":89}}]},"60":{"type":"branch","line":138,"loc":{"start":{"line":138,"column":74},"end":{"line":138,"column":87}},"locations":[{"start":{"line":138,"column":74},"end":{"line":138,"column":87}}]},"61":{"type":"branch","line":139,"loc":{"start":{"line":139,"column":10},"end":{"line":140,"column":64}},"locations":[{"start":{"line":139,"column":10},"end":{"line":140,"column":64}}]},"62":{"type":"branch","line":140,"loc":{"start":{"line":140,"column":49},"end":{"line":140,"column":62}},"locations":[{"start":{"line":140,"column":49},"end":{"line":140,"column":62}}]},"63":{"type":"branch","line":141,"loc":{"start":{"line":141,"column":10},"end":{"line":141,"column":54}},"locations":[{"start":{"line":141,"column":10},"end":{"line":141,"column":54}}]},"64":{"type":"branch","line":147,"loc":{"start":{"line":147,"column":13},"end":{"line":150,"column":4}},"locations":[{"start":{"line":147,"column":13},"end":{"line":150,"column":4}}]},"65":{"type":"branch","line":148,"loc":{"start":{"line":148,"column":19},"end":{"line":148,"column":35}},"locations":[{"start":{"line":148,"column":19},"end":{"line":148,"column":35}}]},"66":{"type":"branch","line":148,"loc":{"start":{"line":148,"column":28},"end":{"line":148,"column":68}},"locations":[{"start":{"line":148,"column":28},"end":{"line":148,"column":68}}]},"67":{"type":"branch","line":148,"loc":{"start":{"line":148,"column":63},"end":{"line":148,"column":71}},"locations":[{"start":{"line":148,"column":63},"end":{"line":148,"column":71}}]}},"b":{"0":[1],"1":[15],"2":[6],"3":[4],"4":[2],"5":[1],"6":[3],"7":[1],"8":[2],"9":[1],"10":[3],"11":[1],"12":[1],"13":[1],"14":[1],"15":[1],"16":[1],"17":[1],"18":[1],"19":[1],"20":[1],"21":[1],"22":[1],"23":[1],"24":[1],"25":[2],"26":[1],"27":[2],"28":[1],"29":[1],"30":[1],"31":[1],"32":[1],"33":[1],"34":[1],"35":[1],"36":[1],"37":[2],"38":[1],"39":[1],"40":[1],"41":[1],"42":[1],"43":[1],"44":[1],"45":[1],"46":[2],"47":[1],"48":[1],"49":[1],"50":[1],"51":[1],"52":[1],"53":[1],"54":[1],"55":[1],"56":[1],"57":[1],"58":[1],"59":[1],"60":[1],"61":[1],"62":[1],"63":[1],"64":[3],"65":[2],"66":[1],"67":[2]},"fnMap":{"0":{"name":"getApiErrorMessage","decl":{"start":{"line":25,"column":7},"end":{"line":34,"column":1}},"loc":{"start":{"line":25,"column":7},"end":{"line":34,"column":1}},"line":25},"1":{"name":"getAll","decl":{"start":{"line":39,"column":10},"end":{"line":39,"column":68}},"loc":{"start":{"line":39,"column":10},"end":{"line":39,"column":68}},"line":39},"2":{"name":"create","decl":{"start":{"line":40,"column":10},"end":{"line":40,"column":95}},"loc":{"start":{"line":40,"column":10},"end":{"line":40,"column":95}},"line":40},"3":{"name":"update","decl":{"start":{"line":41,"column":10},"end":{"line":42,"column":68}},"loc":{"start":{"line":41,"column":10},"end":{"line":42,"column":68}},"line":41},"4":{"name":"delete","decl":{"start":{"line":43,"column":10},"end":{"line":43,"column":56}},"loc":{"start":{"line":43,"column":10},"end":{"line":43,"column":56}},"line":43},"5":{"name":"getAll","decl":{"start":{"line":49,"column":10},"end":{"line":49,"column":71}},"loc":{"start":{"line":49,"column":10},"end":{"line":49,"column":71}},"line":49},"6":{"name":"create","decl":{"start":{"line":50,"column":10},"end":{"line":51,"column":64}},"loc":{"start":{"line":50,"column":10},"end":{"line":51,"column":64}},"line":50},"7":{"name":"update","decl":{"start":{"line":52,"column":10},"end":{"line":53,"column":71}},"loc":{"start":{"line":52,"column":10},"end":{"line":53,"column":71}},"line":52},"8":{"name":"delete","decl":{"start":{"line":54,"column":10},"end":{"line":54,"column":58}},"loc":{"start":{"line":54,"column":10},"end":{"line":54,"column":58}},"line":54},"9":{"name":"getPage","decl":{"start":{"line":70,"column":11},"end":{"line":73,"column":27}},"loc":{"start":{"line":70,"column":11},"end":{"line":73,"column":27}},"line":70},"10":{"name":"create","decl":{"start":{"line":74,"column":10},"end":{"line":75,"column":69}},"loc":{"start":{"line":74,"column":10},"end":{"line":75,"column":69}},"line":74},"11":{"name":"update","decl":{"start":{"line":76,"column":10},"end":{"line":77,"column":76}},"loc":{"start":{"line":76,"column":10},"end":{"line":77,"column":76}},"line":76},"12":{"name":"delete","decl":{"start":{"line":78,"column":10},"end":{"line":78,"column":60}},"loc":{"start":{"line":78,"column":10},"end":{"line":78,"column":60}},"line":78},"13":{"name":"getPage","decl":{"start":{"line":84,"column":11},"end":{"line":85,"column":119}},"loc":{"start":{"line":84,"column":11},"end":{"line":85,"column":119}},"line":84},"14":{"name":"create","decl":{"start":{"line":86,"column":10},"end":{"line":97,"column":78}},"loc":{"start":{"line":86,"column":10},"end":{"line":97,"column":78}},"line":86},"15":{"name":"delete","decl":{"start":{"line":98,"column":10},"end":{"line":99,"column":60}},"loc":{"start":{"line":98,"column":10},"end":{"line":99,"column":60}},"line":98},"16":{"name":"updatePaymentDate","decl":{"start":{"line":100,"column":21},"end":{"line":101,"column":110}},"loc":{"start":{"line":100,"column":21},"end":{"line":101,"column":110}},"line":100},"17":{"name":"getPage","decl":{"start":{"line":107,"column":11},"end":{"line":108,"column":114}},"loc":{"start":{"line":107,"column":11},"end":{"line":108,"column":114}},"line":107},"18":{"name":"create","decl":{"start":{"line":109,"column":10},"end":{"line":110,"column":71}},"loc":{"start":{"line":109,"column":10},"end":{"line":110,"column":71}},"line":109},"19":{"name":"update","decl":{"start":{"line":111,"column":10},"end":{"line":112,"column":78}},"loc":{"start":{"line":111,"column":10},"end":{"line":112,"column":78}},"line":111},"20":{"name":"delete","decl":{"start":{"line":113,"column":10},"end":{"line":114,"column":61}},"loc":{"start":{"line":113,"column":10},"end":{"line":114,"column":61}},"line":113},"21":{"name":"getMonthly","decl":{"start":{"line":120,"column":14},"end":{"line":121,"column":97}},"loc":{"start":{"line":120,"column":14},"end":{"line":121,"column":97}},"line":120},"22":{"name":"getCategories","decl":{"start":{"line":122,"column":17},"end":{"line":125,"column":27}},"loc":{"start":{"line":122,"column":17},"end":{"line":125,"column":27}},"line":122},"23":{"name":"getEvolution","decl":{"start":{"line":126,"column":16},"end":{"line":126,"column":92}},"loc":{"start":{"line":126,"column":16},"end":{"line":126,"column":92}},"line":126},"24":{"name":"getAccounts","decl":{"start":{"line":127,"column":15},"end":{"line":130,"column":27}},"loc":{"start":{"line":127,"column":15},"end":{"line":130,"column":27}},"line":127},"25":{"name":"getAll","decl":{"start":{"line":136,"column":10},"end":{"line":136,"column":64}},"loc":{"start":{"line":136,"column":10},"end":{"line":136,"column":64}},"line":136},"26":{"name":"check","decl":{"start":{"line":137,"column":9},"end":{"line":137,"column":75}},"loc":{"start":{"line":137,"column":9},"end":{"line":137,"column":75}},"line":137},"27":{"name":"create","decl":{"start":{"line":138,"column":10},"end":{"line":138,"column":89}},"loc":{"start":{"line":138,"column":10},"end":{"line":138,"column":89}},"line":138},"28":{"name":"update","decl":{"start":{"line":139,"column":10},"end":{"line":140,"column":64}},"loc":{"start":{"line":139,"column":10},"end":{"line":140,"column":64}},"line":139},"29":{"name":"delete","decl":{"start":{"line":141,"column":10},"end":{"line":141,"column":54}},"loc":{"start":{"line":141,"column":10},"end":{"line":141,"column":54}},"line":141},"30":{"name":"getCSVUrl","decl":{"start":{"line":147,"column":13},"end":{"line":150,"column":4}},"loc":{"start":{"line":147,"column":13},"end":{"line":150,"column":4}},"line":147}},"f":{"0":6,"1":1,"2":1,"3":1,"4":1,"5":1,"6":1,"7":1,"8":1,"9":2,"10":1,"11":1,"12":1,"13":1,"14":1,"15":2,"16":1,"17":1,"18":1,"19":1,"20":2,"21":1,"22":1,"23":1,"24":1,"25":1,"26":1,"27":1,"28":1,"29":1,"30":3}},"C:\\Users\\Arthur\\OneDrive\\Projetos\\DashboardFinanceiro\\frontend\\src\\utils\\formatters.ts":{"path":"C:\\Users\\Arthur\\OneDrive\\Projetos\\DashboardFinanceiro\\frontend\\src\\utils\\formatters.ts","all":false,"statementMap":{"0":{"start":{"line":1,"column":0},"end":{"line":1,"column":44}},"4":{"start":{"line":5,"column":0},"end":{"line":5,"column":55}},"5":{"start":{"line":6,"column":0},"end":{"line":6,"column":41}},"6":{"start":{"line":7,"column":0},"end":{"line":7,"column":22}},"7":{"start":{"line":8,"column":0},"end":{"line":8,"column":20}},"8":{"start":{"line":9,"column":0},"end":{"line":9,"column":25}},"9":{"start":{"line":10,"column":0},"end":{"line":10,"column":1}},"11":{"start":{"line":12,"column":0},"end":{"line":12,"column":53}},"12":{"start":{"line":13,"column":0},"end":{"line":13,"column":67}},"13":{"start":{"line":14,"column":0},"end":{"line":14,"column":1}},"20":{"start":{"line":21,"column":0},"end":{"line":21,"column":56}},"21":{"start":{"line":22,"column":0},"end":{"line":22,"column":56}},"22":{"start":{"line":23,"column":0},"end":{"line":23,"column":27}},"24":{"start":{"line":25,"column":0},"end":{"line":25,"column":45}},"25":{"start":{"line":26,"column":0},"end":{"line":26,"column":43}},"27":{"start":{"line":28,"column":0},"end":{"line":28,"column":28}},"28":{"start":{"line":29,"column":0},"end":{"line":29,"column":69}},"29":{"start":{"line":30,"column":0},"end":{"line":30,"column":78}},"30":{"start":{"line":31,"column":0},"end":{"line":31,"column":3}},"32":{"start":{"line":33,"column":0},"end":{"line":33,"column":57}},"33":{"start":{"line":34,"column":0},"end":{"line":34,"column":1}},"35":{"start":{"line":36,"column":0},"end":{"line":36,"column":54}},"36":{"start":{"line":37,"column":0},"end":{"line":37,"column":51}},"37":{"start":{"line":38,"column":0},"end":{"line":38,"column":41}},"38":{"start":{"line":39,"column":0},"end":{"line":39,"column":55}},"39":{"start":{"line":40,"column":0},"end":{"line":40,"column":57}},"40":{"start":{"line":41,"column":0},"end":{"line":41,"column":62}},"41":{"start":{"line":42,"column":0},"end":{"line":42,"column":82}},"42":{"start":{"line":43,"column":0},"end":{"line":43,"column":36}},"43":{"start":{"line":44,"column":0},"end":{"line":44,"column":35}},"44":{"start":{"line":45,"column":0},"end":{"line":45,"column":1}},"46":{"start":{"line":47,"column":0},"end":{"line":47,"column":72}},"47":{"start":{"line":48,"column":0},"end":{"line":48,"column":55}},"48":{"start":{"line":49,"column":0},"end":{"line":49,"column":36}},"49":{"start":{"line":50,"column":0},"end":{"line":50,"column":35}},"50":{"start":{"line":51,"column":0},"end":{"line":51,"column":91}},"51":{"start":{"line":52,"column":0},"end":{"line":52,"column":1}},"53":{"start":{"line":54,"column":0},"end":{"line":54,"column":62}},"54":{"start":{"line":55,"column":0},"end":{"line":55,"column":61}},"55":{"start":{"line":56,"column":0},"end":{"line":56,"column":80}},"56":{"start":{"line":57,"column":0},"end":{"line":57,"column":1}},"58":{"start":{"line":59,"column":0},"end":{"line":59,"column":70}},"59":{"start":{"line":60,"column":0},"end":{"line":60,"column":44}},"60":{"start":{"line":61,"column":0},"end":{"line":61,"column":65}},"61":{"start":{"line":62,"column":0},"end":{"line":62,"column":1}},"63":{"start":{"line":64,"column":0},"end":{"line":64,"column":71}},"64":{"start":{"line":65,"column":0},"end":{"line":65,"column":44}},"65":{"start":{"line":66,"column":0},"end":{"line":66,"column":50}},"66":{"start":{"line":67,"column":0},"end":{"line":67,"column":1}},"68":{"start":{"line":69,"column":0},"end":{"line":69,"column":49}},"69":{"start":{"line":70,"column":0},"end":{"line":70,"column":52}},"70":{"start":{"line":71,"column":0},"end":{"line":71,"column":1}},"72":{"start":{"line":73,"column":0},"end":{"line":73,"column":65}},"73":{"start":{"line":74,"column":0},"end":{"line":74,"column":33}},"74":{"start":{"line":75,"column":0},"end":{"line":75,"column":35}},"75":{"start":{"line":76,"column":0},"end":{"line":76,"column":19}},"76":{"start":{"line":77,"column":0},"end":{"line":77,"column":29}},"77":{"start":{"line":78,"column":0},"end":{"line":78,"column":2}},"79":{"start":{"line":80,"column":0},"end":{"line":80,"column":67}},"80":{"start":{"line":81,"column":0},"end":{"line":81,"column":20}},"81":{"start":{"line":82,"column":0},"end":{"line":82,"column":21}},"82":{"start":{"line":83,"column":0},"end":{"line":83,"column":2}},"84":{"start":{"line":85,"column":0},"end":{"line":85,"column":30}},"85":{"start":{"line":86,"column":0},"end":{"line":86,"column":45}},"86":{"start":{"line":87,"column":0},"end":{"line":87,"column":45}},"87":{"start":{"line":88,"column":0},"end":{"line":88,"column":45}},"88":{"start":{"line":89,"column":0},"end":{"line":89,"column":45}},"89":{"start":{"line":90,"column":0},"end":{"line":90,"column":2}}},"s":{"0":1,"4":1,"5":1102,"6":1102,"7":1102,"8":1102,"9":1102,"11":1,"12":168,"13":168,"20":1,"21":71,"22":71,"24":68,"25":68,"27":71,"28":8,"29":8,"30":8,"32":60,"33":60,"35":68,"36":68,"37":66,"38":68,"39":68,"40":68,"41":68,"42":68,"43":68,"44":68,"46":1,"47":17,"48":17,"49":17,"50":17,"51":17,"53":1,"54":83,"55":83,"56":83,"58":1,"59":79,"60":79,"61":79,"63":1,"64":1,"65":1,"66":1,"68":1,"69":84,"70":84,"72":1,"73":1,"74":1,"75":1,"76":1,"77":1,"79":1,"80":1,"81":1,"82":1,"84":1,"85":1,"86":1,"87":1,"88":1,"89":1},"branchMap":{"0":{"type":"branch","line":5,"loc":{"start":{"line":5,"column":7},"end":{"line":10,"column":1}},"locations":[{"start":{"line":5,"column":7},"end":{"line":10,"column":1}}]},"1":{"type":"branch","line":12,"loc":{"start":{"line":12,"column":7},"end":{"line":14,"column":1}},"locations":[{"start":{"line":12,"column":7},"end":{"line":14,"column":1}}]},"2":{"type":"branch","line":21,"loc":{"start":{"line":21,"column":7},"end":{"line":34,"column":1}},"locations":[{"start":{"line":21,"column":7},"end":{"line":34,"column":1}}]},"3":{"type":"branch","line":23,"loc":{"start":{"line":23,"column":16},"end":{"line":23,"column":27}},"locations":[{"start":{"line":23,"column":16},"end":{"line":23,"column":27}}]},"4":{"type":"branch","line":23,"loc":{"start":{"line":23,"column":23},"end":{"line":28,"column":27}},"locations":[{"start":{"line":23,"column":23},"end":{"line":28,"column":27}}]},"5":{"type":"branch","line":28,"loc":{"start":{"line":28,"column":27},"end":{"line":31,"column":3}},"locations":[{"start":{"line":28,"column":27},"end":{"line":31,"column":3}}]},"6":{"type":"branch","line":31,"loc":{"start":{"line":31,"column":2},"end":{"line":34,"column":1}},"locations":[{"start":{"line":31,"column":2},"end":{"line":34,"column":1}}]},"7":{"type":"branch","line":36,"loc":{"start":{"line":36,"column":0},"end":{"line":45,"column":1}},"locations":[{"start":{"line":36,"column":0},"end":{"line":45,"column":1}}]},"8":{"type":"branch","line":37,"loc":{"start":{"line":37,"column":40},"end":{"line":37,"column":51}},"locations":[{"start":{"line":37,"column":40},"end":{"line":37,"column":51}}]},"9":{"type":"branch","line":37,"loc":{"start":{"line":37,"column":47},"end":{"line":39,"column":32}},"locations":[{"start":{"line":37,"column":47},"end":{"line":39,"column":32}}]},"10":{"type":"branch","line":39,"loc":{"start":{"line":39,"column":21},"end":{"line":39,"column":49}},"locations":[{"start":{"line":39,"column":21},"end":{"line":39,"column":49}}]},"11":{"type":"branch","line":39,"loc":{"start":{"line":39,"column":45},"end":{"line":39,"column":55}},"locations":[{"start":{"line":39,"column":45},"end":{"line":39,"column":55}}]},"12":{"type":"branch","line":43,"loc":{"start":{"line":43,"column":25},"end":{"line":43,"column":36}},"locations":[{"start":{"line":43,"column":25},"end":{"line":43,"column":36}}]},"13":{"type":"branch","line":43,"loc":{"start":{"line":43,"column":34},"end":{"line":44,"column":20}},"locations":[{"start":{"line":43,"column":34},"end":{"line":44,"column":20}}]},"14":{"type":"branch","line":44,"loc":{"start":{"line":44,"column":9},"end":{"line":44,"column":29}},"locations":[{"start":{"line":44,"column":9},"end":{"line":44,"column":29}}]},"15":{"type":"branch","line":44,"loc":{"start":{"line":44,"column":21},"end":{"line":44,"column":35}},"locations":[{"start":{"line":44,"column":21},"end":{"line":44,"column":35}}]},"16":{"type":"branch","line":47,"loc":{"start":{"line":47,"column":7},"end":{"line":52,"column":1}},"locations":[{"start":{"line":47,"column":7},"end":{"line":52,"column":1}}]},"17":{"type":"branch","line":48,"loc":{"start":{"line":48,"column":16},"end":{"line":48,"column":45}},"locations":[{"start":{"line":48,"column":16},"end":{"line":48,"column":45}}]},"18":{"type":"branch","line":48,"loc":{"start":{"line":48,"column":45},"end":{"line":48,"column":55}},"locations":[{"start":{"line":48,"column":45},"end":{"line":48,"column":55}}]},"19":{"type":"branch","line":48,"loc":{"start":{"line":48,"column":52},"end":{"line":49,"column":27}},"locations":[{"start":{"line":48,"column":52},"end":{"line":49,"column":27}}]},"20":{"type":"branch","line":49,"loc":{"start":{"line":49,"column":23},"end":{"line":49,"column":33}},"locations":[{"start":{"line":49,"column":23},"end":{"line":49,"column":33}}]},"21":{"type":"branch","line":49,"loc":{"start":{"line":49,"column":27},"end":{"line":49,"column":36}},"locations":[{"start":{"line":49,"column":27},"end":{"line":49,"column":36}}]},"22":{"type":"branch","line":54,"loc":{"start":{"line":54,"column":7},"end":{"line":57,"column":1}},"locations":[{"start":{"line":54,"column":7},"end":{"line":57,"column":1}}]},"23":{"type":"branch","line":59,"loc":{"start":{"line":59,"column":7},"end":{"line":62,"column":1}},"locations":[{"start":{"line":59,"column":7},"end":{"line":62,"column":1}}]},"24":{"type":"branch","line":64,"loc":{"start":{"line":64,"column":7},"end":{"line":67,"column":1}},"locations":[{"start":{"line":64,"column":7},"end":{"line":67,"column":1}}]},"25":{"type":"branch","line":69,"loc":{"start":{"line":69,"column":7},"end":{"line":71,"column":1}},"locations":[{"start":{"line":69,"column":7},"end":{"line":71,"column":1}}]}},"b":{"0":[1102],"1":[168],"2":[71],"3":[3],"4":[68],"5":[8],"6":[60],"7":[68],"8":[2],"9":[66],"10":[2],"11":[64],"12":[2],"13":[66],"14":[2],"15":[64],"16":[17],"17":[16],"18":[3],"19":[14],"20":[1],"21":[13],"22":[83],"23":[79],"24":[1],"25":[84]},"fnMap":{"0":{"name":"formatCurrency","decl":{"start":{"line":5,"column":7},"end":{"line":10,"column":1}},"loc":{"start":{"line":5,"column":7},"end":{"line":10,"column":1}},"line":5},"1":{"name":"formatDate","decl":{"start":{"line":12,"column":7},"end":{"line":14,"column":1}},"loc":{"start":{"line":12,"column":7},"end":{"line":14,"column":1}},"line":12},"2":{"name":"parseCurrencyBR","decl":{"start":{"line":21,"column":7},"end":{"line":34,"column":1}},"loc":{"start":{"line":21,"column":7},"end":{"line":34,"column":1}},"line":21},"3":{"name":"decimalStringToCents","decl":{"start":{"line":36,"column":0},"end":{"line":45,"column":1}},"loc":{"start":{"line":36,"column":0},"end":{"line":45,"column":1}},"line":36},"4":{"name":"centsToInput","decl":{"start":{"line":47,"column":7},"end":{"line":52,"column":1}},"loc":{"start":{"line":47,"column":7},"end":{"line":52,"column":1}},"line":47},"5":{"name":"getLocalDateInput","decl":{"start":{"line":54,"column":7},"end":{"line":57,"column":1}},"loc":{"start":{"line":54,"column":7},"end":{"line":57,"column":1}},"line":54},"6":{"name":"formatMonthYear","decl":{"start":{"line":59,"column":7},"end":{"line":62,"column":1}},"loc":{"start":{"line":59,"column":7},"end":{"line":62,"column":1}},"line":59},"7":{"name":"formatMonthShort","decl":{"start":{"line":64,"column":7},"end":{"line":67,"column":1}},"loc":{"start":{"line":64,"column":7},"end":{"line":67,"column":1}},"line":64},"8":{"name":"capitalize","decl":{"start":{"line":69,"column":7},"end":{"line":71,"column":1}},"loc":{"start":{"line":69,"column":7},"end":{"line":71,"column":1}},"line":69}},"f":{"0":1102,"1":168,"2":71,"3":68,"4":17,"5":83,"6":79,"7":1,"8":84}}}}